{"/home/travis/build/npmtest/node-npmtest-html-to-article-json/test.js":{"path":"/home/travis/build/npmtest/node-npmtest-html-to-article-json/test.js","s":{"1":2,"2":2,"3":2,"4":2,"5":2,"6":2,"7":2,"8":1,"9":2,"10":2,"11":1,"12":1,"13":1,"14":1,"15":2,"16":2,"17":2,"18":2,"19":1,"20":1,"21":2,"22":2,"23":2,"24":1,"25":1,"26":1,"27":1,"28":1,"29":1,"30":1,"31":1,"32":1,"33":1,"34":1,"35":1,"36":1,"37":1,"38":1,"39":2,"40":2,"41":1,"42":2,"43":2,"44":1,"45":2,"46":2,"47":1,"48":2,"49":2,"50":1,"51":1,"52":1,"53":1,"54":1},"b":{"1":[2,1,1,1],"2":[1,1,1,1],"3":[1,1],"4":[1,1],"5":[1,1],"6":[1,1],"7":[1,1],"8":[1,1],"9":[1,1],"10":[1,1,1],"11":[1,1],"12":[1,1],"13":[1,1],"14":[1,1],"15":[1,1],"16":[1,1],"17":[1,1]},"f":{"1":2,"2":2,"3":2,"4":2,"5":2,"6":1,"7":1,"8":1,"9":2,"10":2,"11":2,"12":2,"13":1},"fnMap":{"1":{"name":"(anonymous_1)","line":12,"loc":{"start":{"line":12,"column":1},"end":{"line":12,"column":13}}},"2":{"name":"(anonymous_2)","line":19,"loc":{"start":{"line":19,"column":5},"end":{"line":19,"column":17}}},"3":{"name":"(anonymous_3)","line":23,"loc":{"start":{"line":23,"column":24},"end":{"line":23,"column":36}}},"4":{"name":"(anonymous_4)","line":61,"loc":{"start":{"line":61,"column":5},"end":{"line":61,"column":17}}},"5":{"name":"(anonymous_5)","line":82,"loc":{"start":{"line":82,"column":5},"end":{"line":82,"column":17}}},"6":{"name":"(anonymous_6)","line":91,"loc":{"start":{"line":91,"column":77},"end":{"line":94,"column":10}}},"7":{"name":"(anonymous_7)","line":112,"loc":{"start":{"line":112,"column":83},"end":{"line":115,"column":10}},"skip":true},"8":{"name":"(anonymous_8)","line":123,"loc":{"start":{"line":123,"column":77},"end":{"line":126,"column":10}},"skip":true},"9":{"name":"(anonymous_9)","line":139,"loc":{"start":{"line":139,"column":12},"end":{"line":139,"column":40}},"skip":true},"10":{"name":"(anonymous_10)","line":147,"loc":{"start":{"line":147,"column":77},"end":{"line":150,"column":10}},"skip":true},"11":{"name":"(anonymous_11)","line":158,"loc":{"start":{"line":158,"column":83},"end":{"line":161,"column":10}},"skip":true},"12":{"name":"(anonymous_12)","line":169,"loc":{"start":{"line":169,"column":79},"end":{"line":172,"column":10}},"skip":true},"13":{"name":"(anonymous_13)","line":180,"loc":{"start":{"line":180,"column":75},"end":{"line":183,"column":10}},"skip":true}},"statementMap":{"1":{"start":{"line":12,"column":0},"end":{"line":195,"column":5}},"2":{"start":{"line":14,"column":4},"end":{"line":14,"column":14}},"3":{"start":{"line":19,"column":4},"end":{"line":56,"column":9}},"4":{"start":{"line":21,"column":8},"end":{"line":21,"column":19}},"5":{"start":{"line":23,"column":8},"end":{"line":35,"column":13}},"6":{"start":{"line":24,"column":12},"end":{"line":34,"column":13}},"7":{"start":{"line":25,"column":16},"end":{"line":28,"column":30}},"8":{"start":{"line":30,"column":16},"end":{"line":33,"column":27}},"9":{"start":{"line":37,"column":8},"end":{"line":39,"column":21}},"10":{"start":{"line":40,"column":8},"end":{"line":53,"column":9}},"11":{"start":{"line":43,"column":12},"end":{"line":46,"column":14}},"12":{"start":{"line":47,"column":12},"end":{"line":47,"column":18}},"13":{"start":{"line":50,"column":12},"end":{"line":51,"column":33}},"14":{"start":{"line":52,"column":12},"end":{"line":52,"column":18}},"15":{"start":{"line":55,"column":8},"end":{"line":55,"column":35}},"16":{"start":{"line":61,"column":4},"end":{"line":63,"column":9}},"17":{"start":{"line":62,"column":8},"end":{"line":62,"column":15}},"18":{"start":{"line":64,"column":4},"end":{"line":77,"column":5}},"19":{"start":{"line":70,"column":8},"end":{"line":70,"column":14}},"20":{"start":{"line":76,"column":8},"end":{"line":76,"column":14}},"21":{"start":{"line":82,"column":4},"end":{"line":84,"column":9}},"22":{"start":{"line":83,"column":8},"end":{"line":83,"column":15}},"23":{"start":{"line":85,"column":4},"end":{"line":194,"column":5}},"24":{"start":{"line":91,"column":8},"end":{"line":99,"column":10}},"25":{"start":{"line":98,"column":12},"end":{"line":98,"column":35}},"26":{"start":{"line":102,"column":8},"end":{"line":104,"column":63}},"27":{"start":{"line":105,"column":8},"end":{"line":105,"column":14}},"28":{"start":{"line":112,"column":8},"end":{"line":121,"column":10},"skip":true},"29":{"start":{"line":119,"column":12},"end":{"line":119,"column":55},"skip":true},"30":{"start":{"line":120,"column":12},"end":{"line":120,"column":48},"skip":true},"31":{"start":{"line":123,"column":8},"end":{"line":136,"column":10},"skip":true},"32":{"start":{"line":130,"column":12},"end":{"line":130,"column":76},"skip":true},"33":{"start":{"line":131,"column":12},"end":{"line":131,"column":73},"skip":true},"34":{"start":{"line":132,"column":12},"end":{"line":132,"column":74},"skip":true},"35":{"start":{"line":133,"column":12},"end":{"line":133,"column":79},"skip":true},"36":{"start":{"line":134,"column":12},"end":{"line":134,"column":25},"skip":true},"37":{"start":{"line":135,"column":12},"end":{"line":135,"column":45},"skip":true},"38":{"start":{"line":138,"column":8},"end":{"line":145,"column":14},"skip":true},"39":{"start":{"line":143,"column":16},"end":{"line":143,"column":29},"skip":true},"40":{"start":{"line":144,"column":16},"end":{"line":144,"column":55},"skip":true},"41":{"start":{"line":147,"column":8},"end":{"line":156,"column":10},"skip":true},"42":{"start":{"line":154,"column":12},"end":{"line":154,"column":25},"skip":true},"43":{"start":{"line":155,"column":12},"end":{"line":155,"column":45},"skip":true},"44":{"start":{"line":158,"column":8},"end":{"line":167,"column":10},"skip":true},"45":{"start":{"line":165,"column":12},"end":{"line":165,"column":25},"skip":true},"46":{"start":{"line":166,"column":12},"end":{"line":166,"column":48},"skip":true},"47":{"start":{"line":169,"column":8},"end":{"line":178,"column":10},"skip":true},"48":{"start":{"line":176,"column":12},"end":{"line":176,"column":25},"skip":true},"49":{"start":{"line":177,"column":12},"end":{"line":177,"column":46},"skip":true},"50":{"start":{"line":180,"column":8},"end":{"line":189,"column":10},"skip":true},"51":{"start":{"line":187,"column":12},"end":{"line":187,"column":94},"skip":true},"52":{"start":{"line":188,"column":12},"end":{"line":188,"column":48},"skip":true},"53":{"start":{"line":192,"column":8},"end":{"line":192,"column":35},"skip":true},"54":{"start":{"line":193,"column":8},"end":{"line":193,"column":14},"skip":true}},"branchMap":{"1":{"line":25,"type":"binary-expr","locations":[{"start":{"line":25,"column":23},"end":{"line":25,"column":62}},{"start":{"line":26,"column":20},"end":{"line":26,"column":70}},{"start":{"line":27,"column":20},"end":{"line":27,"column":71}},{"start":{"line":28,"column":20},"end":{"line":28,"column":29}}]},"2":{"line":30,"type":"binary-expr","locations":[{"start":{"line":30,"column":23},"end":{"line":30,"column":37}},{"start":{"line":31,"column":20},"end":{"line":31,"column":61}},{"start":{"line":32,"column":20},"end":{"line":32,"column":70}},{"start":{"line":33,"column":20},"end":{"line":33,"column":26}}]},"3":{"line":37,"type":"cond-expr","locations":[{"start":{"line":38,"column":14},"end":{"line":38,"column":20}},{"start":{"line":39,"column":14},"end":{"line":39,"column":20}}]},"4":{"line":40,"type":"switch","locations":[{"start":{"line":42,"column":8},"end":{"line":47,"column":18}},{"start":{"line":49,"column":8},"end":{"line":52,"column":18}}]},"5":{"line":44,"type":"binary-expr","locations":[{"start":{"line":44,"column":16},"end":{"line":44,"column":44}},{"start":{"line":44,"column":48},"end":{"line":44,"column":66}}]},"6":{"line":50,"type":"binary-expr","locations":[{"start":{"line":50,"column":21},"end":{"line":50,"column":49}},{"start":{"line":50,"column":53},"end":{"line":50,"column":72}}]},"7":{"line":64,"type":"switch","locations":[{"start":{"line":69,"column":4},"end":{"line":70,"column":14}},{"start":{"line":75,"column":4},"end":{"line":76,"column":14}}]},"8":{"line":85,"type":"switch","locations":[{"start":{"line":90,"column":4},"end":{"line":105,"column":14}},{"start":{"line":111,"column":4},"end":{"line":193,"column":14},"skip":true}]},"9":{"line":91,"type":"binary-expr","locations":[{"start":{"line":91,"column":42},"end":{"line":91,"column":73}},{"start":{"line":91,"column":77},"end":{"line":99,"column":9}}]},"10":{"line":102,"type":"binary-expr","locations":[{"start":{"line":102,"column":18},"end":{"line":102,"column":32}},{"start":{"line":103,"column":12},"end":{"line":103,"column":53}},{"start":{"line":104,"column":12},"end":{"line":104,"column":61}}]},"11":{"line":112,"type":"binary-expr","locations":[{"start":{"line":112,"column":45},"end":{"line":112,"column":79},"skip":true},{"start":{"line":112,"column":83},"end":{"line":121,"column":9},"skip":true}]},"12":{"line":123,"type":"binary-expr","locations":[{"start":{"line":123,"column":42},"end":{"line":123,"column":73},"skip":true},{"start":{"line":123,"column":77},"end":{"line":136,"column":9},"skip":true}]},"13":{"line":138,"type":"binary-expr","locations":[{"start":{"line":138,"column":48},"end":{"line":138,"column":85},"skip":true},{"start":{"line":139,"column":12},"end":{"line":145,"column":13},"skip":true}]},"14":{"line":147,"type":"binary-expr","locations":[{"start":{"line":147,"column":42},"end":{"line":147,"column":73},"skip":true},{"start":{"line":147,"column":77},"end":{"line":156,"column":9},"skip":true}]},"15":{"line":158,"type":"binary-expr","locations":[{"start":{"line":158,"column":45},"end":{"line":158,"column":79},"skip":true},{"start":{"line":158,"column":83},"end":{"line":167,"column":9},"skip":true}]},"16":{"line":169,"type":"binary-expr","locations":[{"start":{"line":169,"column":43},"end":{"line":169,"column":75},"skip":true},{"start":{"line":169,"column":79},"end":{"line":178,"column":9},"skip":true}]},"17":{"line":180,"type":"binary-expr","locations":[{"start":{"line":180,"column":41},"end":{"line":180,"column":71},"skip":true},{"start":{"line":180,"column":75},"end":{"line":189,"column":9},"skip":true}]}},"code":["/* istanbul instrument in package npmtest_html_to_article_json */","/*jslint","    bitwise: true,","    browser: true,","    maxerr: 8,","    maxlen: 96,","    node: true,","    nomen: true,","    regexp: true,","    stupid: true","*/","(function () {","    'use strict';","    var local;","","","","    // run shared js-env code - init-before","    (function () {","        // init local","        local = {};","        // init modeJs","        local.modeJs = (function () {","            try {","                return typeof navigator.userAgent === 'string' &&","                    typeof document.querySelector('body') === 'object' &&","                    typeof XMLHttpRequest.prototype.open === 'function' &&","                    'browser';","            } catch (errorCaughtBrowser) {","                return module.exports &&","                    typeof process.versions.node === 'string' &&","                    typeof require('http').createServer === 'function' &&","                    'node';","            }","        }());","        // init global","        local.global = local.modeJs === 'browser'","            ? window","            : global;","        switch (local.modeJs) {","        // re-init local from window.local","        case 'browser':","            local = local.global.utility2.objectSetDefault(","                local.global.utility2_rollup || local.global.local,","                local.global.utility2","            );","            break;","        // re-init local from example.js","        case 'node':","            local = (local.global.utility2_rollup || require('utility2'))","                .requireReadme();","            break;","        }","        // export local","        local.global.local = local;","    }());","","","","    // run shared js-env code - function","    (function () {","        return;","    }());","    switch (local.modeJs) {","","","","    // run browser js-env code - function","    case 'browser':","        break;","","","","    // run node js-env code - function","    case 'node':","        break;","    }","","","","    // run shared js-env code - init-after","    (function () {","        return;","    }());","    switch (local.modeJs) {","","","","    // run browser js-env code - init-after","    case 'browser':","        local.testCase_browser_nullCase = local.testCase_browser_nullCase || function (","            options,","            onError","        ) {","        /*","         * this function will test browsers's null-case handling-behavior-behavior","         */","            onError(null, options);","        };","","        // run tests","        local.nop(local.modeTest &&","            document.querySelector('#testRunButton1') &&","            document.querySelector('#testRunButton1').click());","        break;","","","","    // run node js-env code - init-after","    /* istanbul ignore next */","    case 'node':","        local.testCase_buildApidoc_default = local.testCase_buildApidoc_default || function (","            options,","            onError","        ) {","        /*","         * this function will test buildApidoc's default handling-behavior-behavior","         */","            options = { modulePathList: module.paths };","            local.buildApidoc(options, onError);","        };","","        local.testCase_buildApp_default = local.testCase_buildApp_default || function (","            options,","            onError","        ) {","        /*","         * this function will test buildApp's default handling-behavior-behavior","         */","            local.testCase_buildReadme_default(options, local.onErrorThrow);","            local.testCase_buildLib_default(options, local.onErrorThrow);","            local.testCase_buildTest_default(options, local.onErrorThrow);","            local.testCase_buildCustomOrg_default(options, local.onErrorThrow);","            options = [];","            local.buildApp(options, onError);","        };","","        local.testCase_buildCustomOrg_default = local.testCase_buildCustomOrg_default ||","            function (options, onError) {","            /*","             * this function will test buildCustomOrg's default handling-behavior","             */","                options = {};","                local.buildCustomOrg(options, onError);","            };","","        local.testCase_buildLib_default = local.testCase_buildLib_default || function (","            options,","            onError","        ) {","        /*","         * this function will test buildLib's default handling-behavior","         */","            options = {};","            local.buildLib(options, onError);","        };","","        local.testCase_buildReadme_default = local.testCase_buildReadme_default || function (","            options,","            onError","        ) {","        /*","         * this function will test buildReadme's default handling-behavior-behavior","         */","            options = {};","            local.buildReadme(options, onError);","        };","","        local.testCase_buildTest_default = local.testCase_buildTest_default || function (","            options,","            onError","        ) {","        /*","         * this function will test buildTest's default handling-behavior","         */","            options = {};","            local.buildTest(options, onError);","        };","","        local.testCase_webpage_default = local.testCase_webpage_default || function (","            options,","            onError","        ) {","        /*","         * this function will test webpage's default handling-behavior","         */","            options = { modeCoverageMerge: true, url: local.serverLocalHost + '?modeTest=1' };","            local.browserTest(options, onError);","        };","","        // run test-server","        local.testRunServer(local);","        break;","    }","}());",""],"l":{"12":2,"14":2,"19":2,"21":2,"23":2,"24":2,"25":2,"30":1,"37":2,"40":2,"43":1,"47":1,"50":1,"52":1,"55":2,"61":2,"62":2,"64":2,"70":1,"76":1,"82":2,"83":2,"85":2,"91":1,"98":1,"102":1,"105":1,"112":1,"119":1,"120":1,"123":1,"130":1,"131":1,"132":1,"133":1,"134":1,"135":1,"138":1,"143":2,"144":2,"147":1,"154":2,"155":2,"158":1,"165":2,"166":2,"169":1,"176":2,"177":2,"180":1,"187":1,"188":1,"192":1,"193":1}},"/home/travis/build/npmtest/node-npmtest-html-to-article-json/lib.npmtest_html_to_article_json.js":{"path":"/home/travis/build/npmtest/node-npmtest-html-to-article-json/lib.npmtest_html_to_article_json.js","s":{"1":2,"2":2,"3":2,"4":2,"5":2,"6":2,"7":2,"8":1,"9":2,"10":2,"11":2,"12":2,"13":1,"14":1,"15":1,"16":1},"b":{"1":[2,1,1,1],"2":[1,1,1,1],"3":[1,1],"4":[2,2],"5":[1,1]},"f":{"1":2,"2":2,"3":2},"fnMap":{"1":{"name":"(anonymous_1)","line":12,"loc":{"start":{"line":12,"column":1},"end":{"line":12,"column":13}}},"2":{"name":"(anonymous_2)","line":19,"loc":{"start":{"line":19,"column":5},"end":{"line":19,"column":17}}},"3":{"name":"(anonymous_3)","line":23,"loc":{"start":{"line":23,"column":24},"end":{"line":23,"column":36}}}},"statementMap":{"1":{"start":{"line":12,"column":0},"end":{"line":53,"column":5}},"2":{"start":{"line":14,"column":4},"end":{"line":14,"column":14}},"3":{"start":{"line":19,"column":4},"end":{"line":52,"column":9}},"4":{"start":{"line":21,"column":8},"end":{"line":21,"column":19}},"5":{"start":{"line":23,"column":8},"end":{"line":35,"column":13}},"6":{"start":{"line":24,"column":12},"end":{"line":34,"column":13}},"7":{"start":{"line":25,"column":16},"end":{"line":28,"column":30}},"8":{"start":{"line":30,"column":16},"end":{"line":33,"column":27}},"9":{"start":{"line":37,"column":8},"end":{"line":39,"column":21}},"10":{"start":{"line":41,"column":8},"end":{"line":41,"column":54}},"11":{"start":{"line":43,"column":8},"end":{"line":43,"column":65}},"12":{"start":{"line":45,"column":8},"end":{"line":51,"column":9}},"13":{"start":{"line":46,"column":12},"end":{"line":46,"column":71}},"14":{"start":{"line":48,"column":12},"end":{"line":48,"column":35}},"15":{"start":{"line":49,"column":12},"end":{"line":49,"column":49}},"16":{"start":{"line":50,"column":12},"end":{"line":50,"column":43}}},"branchMap":{"1":{"line":25,"type":"binary-expr","locations":[{"start":{"line":25,"column":23},"end":{"line":25,"column":62}},{"start":{"line":26,"column":20},"end":{"line":26,"column":70}},{"start":{"line":27,"column":20},"end":{"line":27,"column":71}},{"start":{"line":28,"column":20},"end":{"line":28,"column":29}}]},"2":{"line":30,"type":"binary-expr","locations":[{"start":{"line":30,"column":23},"end":{"line":30,"column":37}},{"start":{"line":31,"column":20},"end":{"line":31,"column":61}},{"start":{"line":32,"column":20},"end":{"line":32,"column":70}},{"start":{"line":33,"column":20},"end":{"line":33,"column":26}}]},"3":{"line":37,"type":"cond-expr","locations":[{"start":{"line":38,"column":14},"end":{"line":38,"column":20}},{"start":{"line":39,"column":14},"end":{"line":39,"column":20}}]},"4":{"line":41,"type":"binary-expr","locations":[{"start":{"line":41,"column":16},"end":{"line":41,"column":44}},{"start":{"line":41,"column":48},"end":{"line":41,"column":53}}]},"5":{"line":45,"type":"if","locations":[{"start":{"line":45,"column":8},"end":{"line":45,"column":8}},{"start":{"line":45,"column":8},"end":{"line":45,"column":8}}]}},"code":["/* istanbul instrument in package npmtest_html_to_article_json */","/*jslint","    bitwise: true,","    browser: true,","    maxerr: 8,","    maxlen: 96,","    node: true,","    nomen: true,","    regexp: true,","    stupid: true","*/","(function () {","    'use strict';","    var local;","","","","    // run shared js-env code - init-before","    (function () {","        // init local","        local = {};","        // init modeJs","        local.modeJs = (function () {","            try {","                return typeof navigator.userAgent === 'string' &&","                    typeof document.querySelector('body') === 'object' &&","                    typeof XMLHttpRequest.prototype.open === 'function' &&","                    'browser';","            } catch (errorCaughtBrowser) {","                return module.exports &&","                    typeof process.versions.node === 'string' &&","                    typeof require('http').createServer === 'function' &&","                    'node';","            }","        }());","        // init global","        local.global = local.modeJs === 'browser'","            ? window","            : global;","        // init utility2_rollup","        local = local.global.utility2_rollup || local;","        // init lib","        local.local = local.npmtest_html_to_article_json = local;","        // init exports","        if (local.modeJs === 'browser') {","            local.global.utility2_npmtest_html_to_article_json = local;","        } else {","            module.exports = local;","            module.exports.__dirname = __dirname;","            module.exports.module = module;","        }","    }());","}());",""],"l":{"12":2,"14":2,"19":2,"21":2,"23":2,"24":2,"25":2,"30":1,"37":2,"41":2,"43":2,"45":2,"46":1,"48":1,"49":1,"50":1}},"/home/travis/build/npmtest/node-npmtest-html-to-article-json/example.js":{"path":"/home/travis/build/npmtest/node-npmtest-html-to-article-json/example.js","s":{"1":2,"2":2,"3":2,"4":2,"5":2,"6":2,"7":2,"8":1,"9":2,"10":2,"11":2,"12":2,"13":1,"14":2,"15":2,"16":2,"17":2,"18":2,"19":0,"20":2,"21":1,"22":1,"23":1,"24":1,"25":1,"26":0,"27":0,"28":1,"29":1,"30":2,"31":0,"32":0,"33":0,"34":1,"35":2,"36":2,"37":3,"38":3,"39":3,"40":3,"41":0,"42":3,"43":3,"44":3,"45":1,"46":3,"47":1,"48":1,"49":1,"50":1,"51":1,"52":1,"53":1,"54":1,"55":1,"56":1,"57":0,"58":1,"59":6,"60":6,"61":1,"62":2,"63":0,"64":2,"65":1,"66":1,"67":0,"68":0,"69":0,"70":0,"71":0,"72":0,"73":0,"74":0,"75":0,"76":0,"77":0,"78":0,"79":0,"80":0,"81":0,"82":0,"83":0},"b":{"1":[2,1,1,1],"2":[1,1,1,1],"3":[1,1],"4":[2,2],"5":[1,1],"6":[1,1],"7":[2,0],"8":[2,1,1,1,1,1],"9":[0,2,0],"10":[1,1],"11":[2,1,1],"12":[1,0],"13":[0,2],"14":[2,0,0,0,0,0,0],"15":[0,3],"16":[3,0],"17":[1,1],"18":[0,1],"19":[1,2,0,2],"20":[1,0],"21":[1,1],"22":[0,0],"23":[0,0],"24":[0,0],"25":[0,0],"26":[0,0],"27":[0,0],"28":[0,0]},"f":{"1":2,"2":2,"3":2,"4":2,"5":2,"6":2,"7":3,"8":3,"9":3,"10":1,"11":6,"12":0},"fnMap":{"1":{"name":"(anonymous_1)","line":26,"loc":{"start":{"line":26,"column":1},"end":{"line":26,"column":13}}},"2":{"name":"(anonymous_2)","line":33,"loc":{"start":{"line":33,"column":5},"end":{"line":33,"column":17}}},"3":{"name":"(anonymous_3)","line":37,"loc":{"start":{"line":37,"column":24},"end":{"line":37,"column":36}}},"4":{"name":"(anonymous_4)","line":69,"loc":{"start":{"line":69,"column":31},"end":{"line":69,"column":48}},"skip":true},"5":{"name":"(anonymous_5)","line":78,"loc":{"start":{"line":78,"column":26},"end":{"line":78,"column":45}},"skip":true},"6":{"name":"(anonymous_6)","line":123,"loc":{"start":{"line":123,"column":33},"end":{"line":123,"column":48}},"skip":true},"7":{"name":"(anonymous_7)","line":125,"loc":{"start":{"line":125,"column":27},"end":{"line":125,"column":39}},"skip":true},"8":{"name":"(anonymous_8)","line":133,"loc":{"start":{"line":133,"column":59},"end":{"line":133,"column":74}},"skip":true},"9":{"name":"(anonymous_9)","line":143,"loc":{"start":{"line":143,"column":45},"end":{"line":143,"column":62}},"skip":true},"10":{"name":"(anonymous_10)","line":144,"loc":{"start":{"line":144,"column":73},"end":{"line":144,"column":92}},"skip":true},"11":{"name":"(anonymous_11)","line":272,"loc":{"start":{"line":272,"column":51},"end":{"line":272,"column":77}},"skip":true},"12":{"name":"(anonymous_12)","line":315,"loc":{"start":{"line":315,"column":32},"end":{"line":315,"column":61}},"skip":true}},"statementMap":{"1":{"start":{"line":26,"column":0},"end":{"line":326,"column":5}},"2":{"start":{"line":28,"column":4},"end":{"line":28,"column":14}},"3":{"start":{"line":33,"column":4},"end":{"line":60,"column":9}},"4":{"start":{"line":35,"column":8},"end":{"line":35,"column":19}},"5":{"start":{"line":37,"column":8},"end":{"line":49,"column":13}},"6":{"start":{"line":38,"column":12},"end":{"line":48,"column":13}},"7":{"start":{"line":39,"column":16},"end":{"line":42,"column":30}},"8":{"start":{"line":44,"column":16},"end":{"line":47,"column":27}},"9":{"start":{"line":51,"column":8},"end":{"line":53,"column":21}},"10":{"start":{"line":55,"column":8},"end":{"line":57,"column":45}},"11":{"start":{"line":59,"column":8},"end":{"line":59,"column":35}},"12":{"start":{"line":61,"column":4},"end":{"line":325,"column":5}},"13":{"start":{"line":69,"column":8},"end":{"line":121,"column":10},"skip":true},"14":{"start":{"line":70,"column":12},"end":{"line":88,"column":13},"skip":true},"15":{"start":{"line":76,"column":16},"end":{"line":87,"column":19},"skip":true},"16":{"start":{"line":79,"column":20},"end":{"line":86,"column":21},"skip":true},"17":{"start":{"line":82,"column":24},"end":{"line":82,"column":43},"skip":true},"18":{"start":{"line":83,"column":24},"end":{"line":83,"column":30},"skip":true},"19":{"start":{"line":85,"column":24},"end":{"line":85,"column":49},"skip":true},"20":{"start":{"line":89,"column":12},"end":{"line":107,"column":13},"skip":true},"21":{"start":{"line":92,"column":16},"end":{"line":102,"column":17},"skip":true},"22":{"start":{"line":93,"column":20},"end":{"line":93,"column":86},"skip":true},"23":{"start":{"line":94,"column":20},"end":{"line":95,"column":45},"skip":true},"24":{"start":{"line":96,"column":20},"end":{"line":96,"column":42},"skip":true},"25":{"start":{"line":97,"column":20},"end":{"line":97,"column":48},"skip":true},"26":{"start":{"line":100,"column":20},"end":{"line":100,"column":85},"skip":true},"27":{"start":{"line":101,"column":20},"end":{"line":101,"column":96},"skip":true},"28":{"start":{"line":103,"column":16},"end":{"line":103,"column":22},"skip":true},"29":{"start":{"line":106,"column":16},"end":{"line":106,"column":22},"skip":true},"30":{"start":{"line":108,"column":12},"end":{"line":120,"column":13},"skip":true},"31":{"start":{"line":114,"column":16},"end":{"line":119,"column":17},"skip":true},"32":{"start":{"line":116,"column":20},"end":{"line":116,"column":78},"skip":true},"33":{"start":{"line":118,"column":20},"end":{"line":118,"column":47},"skip":true},"34":{"start":{"line":123,"column":8},"end":{"line":141,"column":11},"skip":true},"35":{"start":{"line":124,"column":12},"end":{"line":124,"column":54},"skip":true},"36":{"start":{"line":125,"column":12},"end":{"line":140,"column":14},"skip":true},"37":{"start":{"line":126,"column":16},"end":{"line":126,"column":28},"skip":true},"38":{"start":{"line":127,"column":16},"end":{"line":127,"column":69},"skip":true},"39":{"start":{"line":128,"column":16},"end":{"line":128,"column":75},"skip":true},"40":{"start":{"line":129,"column":16},"end":{"line":131,"column":17},"skip":true},"41":{"start":{"line":130,"column":20},"end":{"line":130,"column":27},"skip":true},"42":{"start":{"line":133,"column":16},"end":{"line":137,"column":36},"skip":true},"43":{"start":{"line":134,"column":20},"end":{"line":136,"column":55},"skip":true},"44":{"start":{"line":139,"column":16},"end":{"line":139,"column":57},"skip":true},"45":{"start":{"line":143,"column":8},"end":{"line":147,"column":11},"skip":true},"46":{"start":{"line":144,"column":12},"end":{"line":146,"column":15},"skip":true},"47":{"start":{"line":145,"column":16},"end":{"line":145,"column":70},"skip":true},"48":{"start":{"line":149,"column":8},"end":{"line":149,"column":31},"skip":true},"49":{"start":{"line":150,"column":8},"end":{"line":150,"column":14},"skip":true},"50":{"start":{"line":158,"column":8},"end":{"line":158,"column":31},"skip":true},"51":{"start":{"line":160,"column":8},"end":{"line":160,"column":33},"skip":true},"52":{"start":{"line":161,"column":8},"end":{"line":161,"column":37},"skip":true},"53":{"start":{"line":162,"column":8},"end":{"line":162,"column":35},"skip":true},"54":{"start":{"line":164,"column":8},"end":{"line":164,"column":50},"skip":true},"55":{"start":{"line":166,"column":8},"end":{"line":256,"column":2},"skip":true},"56":{"start":{"line":258,"column":8},"end":{"line":286,"column":9},"skip":true},"57":{"start":{"line":259,"column":12},"end":{"line":269,"column":14},"skip":true},"58":{"start":{"line":271,"column":12},"end":{"line":285,"column":19},"skip":true},"59":{"start":{"line":274,"column":20},"end":{"line":274,"column":35},"skip":true},"60":{"start":{"line":275,"column":20},"end":{"line":284,"column":21},"skip":true},"61":{"start":{"line":277,"column":24},"end":{"line":277,"column":64},"skip":true},"62":{"start":{"line":279,"column":24},"end":{"line":279,"column":40},"skip":true},"63":{"start":{"line":281,"column":24},"end":{"line":281,"column":40},"skip":true},"64":{"start":{"line":283,"column":24},"end":{"line":283,"column":39},"skip":true},"65":{"start":{"line":288,"column":8},"end":{"line":290,"column":9},"skip":true},"66":{"start":{"line":289,"column":12},"end":{"line":289,"column":18},"skip":true},"67":{"start":{"line":291,"column":8},"end":{"line":293,"column":54},"skip":true},"68":{"start":{"line":296,"column":8},"end":{"line":301,"column":37},"skip":true},"69":{"start":{"line":303,"column":8},"end":{"line":303,"column":82},"skip":true},"70":{"start":{"line":306,"column":8},"end":{"line":308,"column":9},"skip":true},"71":{"start":{"line":307,"column":12},"end":{"line":307,"column":82},"skip":true},"72":{"start":{"line":310,"column":8},"end":{"line":312,"column":9},"skip":true},"73":{"start":{"line":311,"column":12},"end":{"line":311,"column":18},"skip":true},"74":{"start":{"line":313,"column":8},"end":{"line":313,"column":54},"skip":true},"75":{"start":{"line":314,"column":8},"end":{"line":314,"column":69},"skip":true},"76":{"start":{"line":315,"column":8},"end":{"line":323,"column":36},"skip":true},"77":{"start":{"line":316,"column":12},"end":{"line":316,"column":61},"skip":true},"78":{"start":{"line":317,"column":12},"end":{"line":320,"column":13},"skip":true},"79":{"start":{"line":318,"column":16},"end":{"line":318,"column":75},"skip":true},"80":{"start":{"line":319,"column":16},"end":{"line":319,"column":23},"skip":true},"81":{"start":{"line":321,"column":12},"end":{"line":321,"column":38},"skip":true},"82":{"start":{"line":322,"column":12},"end":{"line":322,"column":27},"skip":true},"83":{"start":{"line":324,"column":8},"end":{"line":324,"column":14},"skip":true}},"branchMap":{"1":{"line":39,"type":"binary-expr","locations":[{"start":{"line":39,"column":23},"end":{"line":39,"column":62}},{"start":{"line":40,"column":20},"end":{"line":40,"column":70}},{"start":{"line":41,"column":20},"end":{"line":41,"column":71}},{"start":{"line":42,"column":20},"end":{"line":42,"column":29}}]},"2":{"line":44,"type":"binary-expr","locations":[{"start":{"line":44,"column":23},"end":{"line":44,"column":37}},{"start":{"line":45,"column":20},"end":{"line":45,"column":61}},{"start":{"line":46,"column":20},"end":{"line":46,"column":70}},{"start":{"line":47,"column":20},"end":{"line":47,"column":26}}]},"3":{"line":51,"type":"cond-expr","locations":[{"start":{"line":52,"column":14},"end":{"line":52,"column":20}},{"start":{"line":53,"column":14},"end":{"line":53,"column":20}}]},"4":{"line":55,"type":"binary-expr","locations":[{"start":{"line":55,"column":16},"end":{"line":55,"column":44}},{"start":{"line":55,"column":49},"end":{"line":57,"column":43}}]},"5":{"line":55,"type":"cond-expr","locations":[{"start":{"line":56,"column":14},"end":{"line":56,"column":64}},{"start":{"line":57,"column":14},"end":{"line":57,"column":43}}]},"6":{"line":61,"type":"switch","locations":[{"start":{"line":68,"column":4},"end":{"line":150,"column":14},"skip":true},{"start":{"line":156,"column":4},"end":{"line":324,"column":14},"skip":true}]},"7":{"line":70,"type":"if","locations":[{"start":{"line":70,"column":12},"end":{"line":70,"column":12},"skip":true},{"start":{"line":70,"column":12},"end":{"line":70,"column":12},"skip":true}]},"8":{"line":70,"type":"binary-expr","locations":[{"start":{"line":70,"column":16},"end":{"line":70,"column":22},"skip":true},{"start":{"line":70,"column":27},"end":{"line":70,"column":32},"skip":true},{"start":{"line":71,"column":20},"end":{"line":71,"column":39},"skip":true},{"start":{"line":72,"column":20},"end":{"line":72,"column":49},"skip":true},{"start":{"line":73,"column":20},"end":{"line":73,"column":58},"skip":true},{"start":{"line":74,"column":20},"end":{"line":74,"column":69},"skip":true}]},"9":{"line":79,"type":"switch","locations":[{"start":{"line":80,"column":20},"end":{"line":80,"column":33},"skip":true},{"start":{"line":81,"column":20},"end":{"line":83,"column":30},"skip":true},{"start":{"line":84,"column":20},"end":{"line":85,"column":49},"skip":true}]},"10":{"line":89,"type":"switch","locations":[{"start":{"line":90,"column":12},"end":{"line":103,"column":22},"skip":true},{"start":{"line":105,"column":12},"end":{"line":106,"column":22},"skip":true}]},"11":{"line":89,"type":"binary-expr","locations":[{"start":{"line":89,"column":20},"end":{"line":89,"column":25},"skip":true},{"start":{"line":89,"column":29},"end":{"line":89,"column":48},"skip":true},{"start":{"line":89,"column":52},"end":{"line":89,"column":74},"skip":true}]},"12":{"line":92,"type":"if","locations":[{"start":{"line":92,"column":16},"end":{"line":92,"column":16},"skip":true},{"start":{"line":92,"column":16},"end":{"line":92,"column":16},"skip":true}]},"13":{"line":108,"type":"if","locations":[{"start":{"line":108,"column":12},"end":{"line":108,"column":12},"skip":true},{"start":{"line":108,"column":12},"end":{"line":108,"column":12},"skip":true}]},"14":{"line":108,"type":"binary-expr","locations":[{"start":{"line":108,"column":16},"end":{"line":108,"column":61},"skip":true},{"start":{"line":108,"column":66},"end":{"line":108,"column":72},"skip":true},{"start":{"line":108,"column":77},"end":{"line":108,"column":82},"skip":true},{"start":{"line":109,"column":20},"end":{"line":109,"column":39},"skip":true},{"start":{"line":110,"column":20},"end":{"line":110,"column":49},"skip":true},{"start":{"line":111,"column":20},"end":{"line":111,"column":58},"skip":true},{"start":{"line":112,"column":20},"end":{"line":112,"column":68},"skip":true}]},"15":{"line":129,"type":"if","locations":[{"start":{"line":129,"column":16},"end":{"line":129,"column":16},"skip":true},{"start":{"line":129,"column":16},"end":{"line":129,"column":16},"skip":true}]},"16":{"line":134,"type":"cond-expr","locations":[{"start":{"line":135,"column":26},"end":{"line":135,"column":29},"skip":true},{"start":{"line":136,"column":26},"end":{"line":136,"column":54},"skip":true}]},"17":{"line":164,"type":"binary-expr","locations":[{"start":{"line":164,"column":27},"end":{"line":164,"column":43},"skip":true},{"start":{"line":164,"column":47},"end":{"line":164,"column":49},"skip":true}]},"18":{"line":258,"type":"if","locations":[{"start":{"line":258,"column":8},"end":{"line":258,"column":8},"skip":true},{"start":{"line":258,"column":8},"end":{"line":258,"column":8},"skip":true}]},"19":{"line":275,"type":"switch","locations":[{"start":{"line":276,"column":20},"end":{"line":277,"column":64},"skip":true},{"start":{"line":278,"column":20},"end":{"line":279,"column":40},"skip":true},{"start":{"line":280,"column":20},"end":{"line":281,"column":40},"skip":true},{"start":{"line":282,"column":20},"end":{"line":283,"column":39},"skip":true}]},"20":{"line":288,"type":"if","locations":[{"start":{"line":288,"column":8},"end":{"line":288,"column":8},"skip":true},{"start":{"line":288,"column":8},"end":{"line":288,"column":8},"skip":true}]},"21":{"line":288,"type":"binary-expr","locations":[{"start":{"line":288,"column":12},"end":{"line":288,"column":40},"skip":true},{"start":{"line":288,"column":44},"end":{"line":288,"column":67},"skip":true}]},"22":{"line":292,"type":"binary-expr","locations":[{"start":{"line":292,"column":12},"end":{"line":292,"column":50},"skip":true},{"start":{"line":293,"column":12},"end":{"line":293,"column":53},"skip":true}]},"23":{"line":297,"type":"binary-expr","locations":[{"start":{"line":297,"column":12},"end":{"line":297,"column":78},"skip":true},{"start":{"line":298,"column":12},"end":{"line":301,"column":36},"skip":true}]},"24":{"line":303,"type":"binary-expr","locations":[{"start":{"line":303,"column":43},"end":{"line":303,"column":75},"skip":true},{"start":{"line":303,"column":79},"end":{"line":303,"column":81},"skip":true}]},"25":{"line":306,"type":"if","locations":[{"start":{"line":306,"column":8},"end":{"line":306,"column":8},"skip":true},{"start":{"line":306,"column":8},"end":{"line":306,"column":8},"skip":true}]},"26":{"line":310,"type":"if","locations":[{"start":{"line":310,"column":8},"end":{"line":310,"column":8},"skip":true},{"start":{"line":310,"column":8},"end":{"line":310,"column":8},"skip":true}]},"27":{"line":313,"type":"binary-expr","locations":[{"start":{"line":313,"column":27},"end":{"line":313,"column":43},"skip":true},{"start":{"line":313,"column":47},"end":{"line":313,"column":53},"skip":true}]},"28":{"line":317,"type":"if","locations":[{"start":{"line":317,"column":12},"end":{"line":317,"column":12},"skip":true},{"start":{"line":317,"column":12},"end":{"line":317,"column":12},"skip":true}]}},"code":["/*","example.js","","quickstart example","","instruction","    1. save this script as example.js","    2. run the shell command:","        $ npm install npmtest-html-to-article-json && PORT=8081 node example.js","    3. play with the browser-demo on http://127.0.0.1:8081","*/","","","","/* istanbul instrument in package npmtest_html_to_article_json */","/*jslint","    bitwise: true,","    browser: true,","    maxerr: 8,","    maxlen: 96,","    node: true,","    nomen: true,","    regexp: true,","    stupid: true","*/","(function () {","    'use strict';","    var local;","","","","    // run shared js-env code - init-before","    (function () {","        // init local","        local = {};","        // init modeJs","        local.modeJs = (function () {","            try {","                return typeof navigator.userAgent === 'string' &&","                    typeof document.querySelector('body') === 'object' &&","                    typeof XMLHttpRequest.prototype.open === 'function' &&","                    'browser';","            } catch (errorCaughtBrowser) {","                return module.exports &&","                    typeof process.versions.node === 'string' &&","                    typeof require('http').createServer === 'function' &&","                    'node';","            }","        }());","        // init global","        local.global = local.modeJs === 'browser'","            ? window","            : global;","        // init utility2_rollup","        local = local.global.utility2_rollup || (local.modeJs === 'browser'","            ? local.global.utility2_npmtest_html_to_article_json","            : global.utility2_moduleExports);","        // export local","        local.global.local = local;","    }());","    switch (local.modeJs) {","","","","    // init-after","    // run browser js-env code - init-after","    /* istanbul ignore next */","    case 'browser':","        local.testRunBrowser = function (event) {","            if (!event || (event &&","                    event.currentTarget &&","                    event.currentTarget.className &&","                    event.currentTarget.className.includes &&","                    event.currentTarget.className.includes('onreset'))) {","                // reset output","                Array.from(","                    document.querySelectorAll('body > .resettable')","                ).forEach(function (element) {","                    switch (element.tagName) {","                    case 'INPUT':","                    case 'TEXTAREA':","                        element.value = '';","                        break;","                    default:","                        element.textContent = '';","                    }","                });","            }","            switch (event && event.currentTarget && event.currentTarget.id) {","            case 'testRunButton1':","                // show tests","                if (document.querySelector('#testReportDiv1').style.display === 'none') {","                    document.querySelector('#testReportDiv1').style.display = 'block';","                    document.querySelector('#testRunButton1').textContent =","                        'hide internal test';","                    local.modeTest = true;","                    local.testRunDefault(local);","                // hide tests","                } else {","                    document.querySelector('#testReportDiv1').style.display = 'none';","                    document.querySelector('#testRunButton1').textContent = 'run internal test';","                }","                break;","            // custom-case","            default:","                break;","            }","            if (document.querySelector('#inputTextareaEval1') && (!event || (event &&","                    event.currentTarget &&","                    event.currentTarget.className &&","                    event.currentTarget.className.includes &&","                    event.currentTarget.className.includes('oneval')))) {","                // try to eval input-code","                try {","                    /*jslint evil: true*/","                    eval(document.querySelector('#inputTextareaEval1').value);","                } catch (errorCaught) {","                    console.error(errorCaught);","                }","            }","        };","        // log stderr and stdout to #outputTextareaStdout1","        ['error', 'log'].forEach(function (key) {","            console[key + '_original'] = console[key];","            console[key] = function () {","                var element;","                console[key + '_original'].apply(console, arguments);","                element = document.querySelector('#outputTextareaStdout1');","                if (!element) {","                    return;","                }","                // append text to #outputTextareaStdout1","                element.value += Array.from(arguments).map(function (arg) {","                    return typeof arg === 'string'","                        ? arg","                        : JSON.stringify(arg, null, 4);","                }).join(' ') + '\\n';","                // scroll textarea to bottom","                element.scrollTop = element.scrollHeight;","            };","        });","        // init event-handling","        ['change', 'click', 'keyup'].forEach(function (event) {","            Array.from(document.querySelectorAll('.on' + event)).forEach(function (element) {","                element.addEventListener(event, local.testRunBrowser);","            });","        });","        // run tests","        local.testRunBrowser();","        break;","","","","    // run node js-env code - init-after","    /* istanbul ignore next */","    case 'node':","        // export local","        module.exports = local;","        // require modules","        local.fs = require('fs');","        local.http = require('http');","        local.url = require('url');","        // init assets","        local.assetsDict = local.assetsDict || {};","        /* jslint-ignore-begin */","        local.assetsDict['/assets.index.template.html'] = '\\","<!doctype html>\\n\\","<html lang=\"en\">\\n\\","<head>\\n\\","<meta charset=\"UTF-8\">\\n\\","<meta name=\"viewport\" content=\"width=device-width, initial-scale=1\">\\n\\","<title>{{env.npm_package_name}} (v{{env.npm_package_version}})</title>\\n\\","<style>\\n\\","/*csslint\\n\\","    box-sizing: false,\\n\\","    universal-selector: false\\n\\","*/\\n\\","* {\\n\\","    box-sizing: border-box;\\n\\","}\\n\\","body {\\n\\","    background: #dde;\\n\\","    font-family: Arial, Helvetica, sans-serif;\\n\\","    margin: 2rem;\\n\\","}\\n\\","body > * {\\n\\","    margin-bottom: 1rem;\\n\\","}\\n\\",".utility2FooterDiv {\\n\\","    margin-top: 20px;\\n\\","    text-align: center;\\n\\","}\\n\\","</style>\\n\\","<style>\\n\\","/*csslint\\n\\","*/\\n\\","textarea {\\n\\","    font-family: monospace;\\n\\","    height: 10rem;\\n\\","    width: 100%;\\n\\","}\\n\\","textarea[readonly] {\\n\\","    background: #ddd;\\n\\","}\\n\\","</style>\\n\\","</head>\\n\\","<body>\\n\\","<!-- utility2-comment\\n\\","<div id=\"ajaxProgressDiv1\" style=\"background: #d00; height: 2px; left: 0; margin: 0; padding: 0; position: fixed; top: 0; transition: background 0.5s, width 1.5s; width: 25%;\"></div>\\n\\","utility2-comment -->\\n\\","<h1>\\n\\","<!-- utility2-comment\\n\\","    <a\\n\\","        {{#if env.npm_package_homepage}}\\n\\","        href=\"{{env.npm_package_homepage}}\"\\n\\","        {{/if env.npm_package_homepage}}\\n\\","        target=\"_blank\"\\n\\","    >\\n\\","utility2-comment -->\\n\\","        {{env.npm_package_name}} (v{{env.npm_package_version}})\\n\\","<!-- utility2-comment\\n\\","    </a>\\n\\","utility2-comment -->\\n\\","</h1>\\n\\","<h3>{{env.npm_package_description}}</h3>\\n\\","<!-- utility2-comment\\n\\","<h4><a download href=\"assets.app.js\">download standalone app</a></h4>\\n\\","<button class=\"onclick onreset\" id=\"testRunButton1\">run internal test</button><br>\\n\\","<div id=\"testReportDiv1\" style=\"display: none;\"></div>\\n\\","utility2-comment -->\\n\\","\\n\\","\\n\\","\\n\\","<label>stderr and stdout</label>\\n\\","<textarea class=\"resettable\" id=\"outputTextareaStdout1\" readonly></textarea>\\n\\","<!-- utility2-comment\\n\\","{{#if isRollup}}\\n\\","<script src=\"assets.app.js\"></script>\\n\\","{{#unless isRollup}}\\n\\","utility2-comment -->\\n\\","<script src=\"assets.utility2.rollup.js\"></script>\\n\\","<script src=\"jsonp.utility2._stateInit?callback=window.utility2._stateInit\"></script>\\n\\","<script src=\"assets.npmtest_html_to_article_json.rollup.js\"></script>\\n\\","<script src=\"assets.example.js\"></script>\\n\\","<script src=\"assets.test.js\"></script>\\n\\","<!-- utility2-comment\\n\\","{{/if isRollup}}\\n\\","utility2-comment -->\\n\\","<div class=\"utility2FooterDiv\">\\n\\","    [ this app was created with\\n\\","    <a href=\"https://github.com/kaizhu256/node-utility2\" target=\"_blank\">utility2</a>\\n\\","    ]\\n\\","</div>\\n\\","</body>\\n\\","</html>\\n\\","';","        /* jslint-ignore-end */","        if (local.templateRender) {","            local.assetsDict['/'] = local.templateRender(","                local.assetsDict['/assets.index.template.html'],","                {","                    env: local.objectSetDefault(local.env, {","                        npm_package_description: 'the greatest app in the world!',","                        npm_package_name: 'my-app',","                        npm_package_nameAlias: 'my_app',","                        npm_package_version: '0.0.1'","                    })","                }","            );","        } else {","            local.assetsDict['/'] = local.assetsDict['/assets.index.template.html']","                .replace((/\\{\\{env\\.(\\w+?)\\}\\}/g), function (match0, match1) {","                    // jslint-hack","                    String(match0);","                    switch (match1) {","                    case 'npm_package_description':","                        return 'the greatest app in the world!';","                    case 'npm_package_name':","                        return 'my-app';","                    case 'npm_package_nameAlias':","                        return 'my_app';","                    case 'npm_package_version':","                        return '0.0.1';","                    }","                });","        }","        // run the cli","        if (local.global.utility2_rollup || module !== require.main) {","            break;","        }","        local.assetsDict['/assets.example.js'] =","            local.assetsDict['/assets.example.js'] ||","            local.fs.readFileSync(__filename, 'utf8');","        // bug-workaround - long $npm_package_buildCustomOrg","        /* jslint-ignore-begin */","        local.assetsDict['/assets.npmtest_html_to_article_json.rollup.js'] =","            local.assetsDict['/assets.npmtest_html_to_article_json.rollup.js'] ||","            local.fs.readFileSync(","                local.npmtest_html_to_article_json.__dirname + '/lib.npmtest_html_to_article_json.js',","                'utf8'","            ).replace((/^#!/), '//');","        /* jslint-ignore-end */","        local.assetsDict['/favicon.ico'] = local.assetsDict['/favicon.ico'] || '';","        // if $npm_config_timeout_exit exists,","        // then exit this process after $npm_config_timeout_exit ms","        if (Number(process.env.npm_config_timeout_exit)) {","            setTimeout(process.exit, Number(process.env.npm_config_timeout_exit));","        }","        // start server","        if (local.global.utility2_serverHttp1) {","            break;","        }","        process.env.PORT = process.env.PORT || '8081';","        console.error('server starting on port ' + process.env.PORT);","        local.http.createServer(function (request, response) {","            request.urlParsed = local.url.parse(request.url);","            if (local.assetsDict[request.urlParsed.pathname] !== undefined) {","                response.end(local.assetsDict[request.urlParsed.pathname]);","                return;","            }","            response.statusCode = 404;","            response.end();","        }).listen(process.env.PORT);","        break;","    }","}());",""],"l":{"26":2,"28":2,"33":2,"35":2,"37":2,"38":2,"39":2,"44":1,"51":2,"55":2,"59":2,"61":2,"69":1,"70":2,"76":2,"79":2,"82":2,"83":2,"85":1,"89":2,"92":1,"93":1,"94":1,"96":1,"97":1,"100":1,"101":1,"103":1,"106":1,"108":2,"114":1,"116":1,"118":1,"123":1,"124":2,"125":2,"126":3,"127":3,"128":3,"129":3,"130":1,"133":3,"134":3,"139":3,"143":1,"144":3,"145":1,"149":1,"150":1,"158":1,"160":1,"161":1,"162":1,"164":1,"166":1,"258":1,"259":1,"271":1,"274":6,"275":6,"277":1,"279":2,"281":1,"283":2,"288":1,"289":1,"291":1,"296":1,"303":1,"306":1,"307":1,"310":1,"311":1,"313":1,"314":1,"315":1,"316":1,"317":1,"318":1,"319":1,"321":1,"322":1,"324":1}},"/home/travis/build/npmtest/node-npmtest-html-to-article-json/node_modules/html-to-article-json/dist/index.js":{"path":"/home/travis/build/npmtest/node-npmtest-html-to-article-json/node_modules/html-to-article-json/dist/index.js","s":{"1":1,"2":1,"3":1,"4":1,"5":1,"6":2,"7":1,"8":0,"9":0,"10":0,"11":0,"12":0},"b":{"1":[2,0],"2":[2,2],"3":[0,0],"4":[0,0]},"f":{"1":2,"2":0,"3":0},"fnMap":{"1":{"name":"_interopRequireDefault","line":11,"loc":{"start":{"line":11,"column":0},"end":{"line":11,"column":37}}},"2":{"name":"(anonymous_2)","line":13,"loc":{"start":{"line":13,"column":17},"end":{"line":13,"column":29}}},"3":{"name":"(anonymous_3)","line":19,"loc":{"start":{"line":19,"column":9},"end":{"line":19,"column":24}}}},"statementMap":{"1":{"start":{"line":3,"column":0},"end":{"line":3,"column":32}},"2":{"start":{"line":5,"column":0},"end":{"line":5,"column":45}},"3":{"start":{"line":7,"column":0},"end":{"line":7,"column":40}},"4":{"start":{"line":9,"column":0},"end":{"line":9,"column":53}},"5":{"start":{"line":11,"column":0},"end":{"line":11,"column":95}},"6":{"start":{"line":11,"column":39},"end":{"line":11,"column":93}},"7":{"start":{"line":13,"column":0},"end":{"line":22,"column":2}},"8":{"start":{"line":14,"column":2},"end":{"line":14,"column":84}},"9":{"start":{"line":16,"column":2},"end":{"line":16,"column":41}},"10":{"start":{"line":17,"column":2},"end":{"line":17,"column":49}},"11":{"start":{"line":19,"column":2},"end":{"line":21,"column":4}},"12":{"start":{"line":20,"column":4},"end":{"line":20,"column":33}}},"branchMap":{"1":{"line":11,"type":"cond-expr","locations":[{"start":{"line":11,"column":70},"end":{"line":11,"column":73}},{"start":{"line":11,"column":76},"end":{"line":11,"column":92}}]},"2":{"line":11,"type":"binary-expr","locations":[{"start":{"line":11,"column":46},"end":{"line":11,"column":49}},{"start":{"line":11,"column":53},"end":{"line":11,"column":67}}]},"3":{"line":14,"type":"cond-expr","locations":[{"start":{"line":14,"column":66},"end":{"line":14,"column":78}},{"start":{"line":14,"column":81},"end":{"line":14,"column":83}}]},"4":{"line":14,"type":"binary-expr","locations":[{"start":{"line":14,"column":13},"end":{"line":14,"column":33}},{"start":{"line":14,"column":37},"end":{"line":14,"column":63}}]}},"code":["'use strict';","","var _parse = require('./parse');","","var _parse2 = _interopRequireDefault(_parse);","","var _normalize = require('./normalize');","","var _normalize2 = _interopRequireDefault(_normalize);","","function _interopRequireDefault(obj) { return obj && obj.__esModule ? obj : { default: obj }; }","","module.exports = function () {","  var opts = arguments.length > 0 && arguments[0] !== undefined ? arguments[0] : {};","","  var parse = (0, _parse2.default)(opts);","  var normalize = (0, _normalize2.default)(opts);","","  return function (elm) {","    return normalize(parse(elm));","  };","};"],"l":{"3":1,"5":1,"7":1,"9":1,"11":2,"13":1,"14":0,"16":0,"17":0,"19":0,"20":0}},"/home/travis/build/npmtest/node-npmtest-html-to-article-json/node_modules/html-to-article-json/dist/parse/index.js":{"path":"/home/travis/build/npmtest/node-npmtest-html-to-article-json/node_modules/html-to-article-json/dist/parse/index.js","s":{"1":1,"2":1,"3":1,"4":1,"5":1,"6":1,"7":1,"8":1,"9":1,"10":1,"11":1,"12":1,"13":5,"14":1,"15":1,"16":0,"17":1,"18":0,"19":1,"20":0,"21":0,"22":0,"23":0,"24":0,"25":0,"26":0,"27":0,"28":0,"29":0,"30":0,"31":0,"32":0,"33":0,"34":0,"35":0,"36":0,"37":0,"38":0,"39":0,"40":0,"41":0,"42":0,"43":0,"44":0,"45":0,"46":0,"47":0,"48":0,"49":0,"50":0,"51":0,"52":0,"53":0,"54":0,"55":0},"b":{"1":[3,2],"2":[5,5],"3":[0,0],"4":[0,0],"5":[0,0],"6":[0,0],"7":[0,0],"8":[0,0],"9":[0,0],"10":[0,0],"11":[0,0],"12":[0,0,0,0],"13":[0,0],"14":[0,0],"15":[0,0],"16":[0,0]},"f":{"1":5,"2":0,"3":0,"4":0,"5":0,"6":0,"7":0},"fnMap":{"1":{"name":"_interopRequireDefault","line":27,"loc":{"start":{"line":27,"column":0},"end":{"line":27,"column":37}}},"2":{"name":"linebreak","line":31,"loc":{"start":{"line":31,"column":16},"end":{"line":31,"column":40}}},"3":{"name":"isEmptyTextNode","line":35,"loc":{"start":{"line":35,"column":22},"end":{"line":35,"column":52}}},"4":{"name":"(anonymous_4)","line":39,"loc":{"start":{"line":39,"column":18},"end":{"line":39,"column":34}}},"5":{"name":"parse","line":43,"loc":{"start":{"line":43,"column":14},"end":{"line":43,"column":53}}},"6":{"name":"elementNode","line":62,"loc":{"start":{"line":62,"column":20},"end":{"line":62,"column":64}}},"7":{"name":"(anonymous_7)","line":92,"loc":{"start":{"line":92,"column":9},"end":{"line":92,"column":26}}}},"statementMap":{"1":{"start":{"line":3,"column":0},"end":{"line":5,"column":3}},"2":{"start":{"line":7,"column":0},"end":{"line":7,"column":33}},"3":{"start":{"line":9,"column":0},"end":{"line":9,"column":47}},"4":{"start":{"line":11,"column":0},"end":{"line":11,"column":34}},"5":{"start":{"line":13,"column":0},"end":{"line":13,"column":47}},"6":{"start":{"line":15,"column":0},"end":{"line":15,"column":30}},"7":{"start":{"line":17,"column":0},"end":{"line":17,"column":43}},"8":{"start":{"line":19,"column":0},"end":{"line":19,"column":47}},"9":{"start":{"line":21,"column":0},"end":{"line":21,"column":59}},"10":{"start":{"line":23,"column":0},"end":{"line":23,"column":37}},"11":{"start":{"line":25,"column":0},"end":{"line":25,"column":51}},"12":{"start":{"line":27,"column":0},"end":{"line":27,"column":95}},"13":{"start":{"line":27,"column":39},"end":{"line":27,"column":93}},"14":{"start":{"line":29,"column":0},"end":{"line":29,"column":109}},"15":{"start":{"line":31,"column":0},"end":{"line":33,"column":2}},"16":{"start":{"line":32,"column":2},"end":{"line":32,"column":75}},"17":{"start":{"line":35,"column":0},"end":{"line":37,"column":2}},"18":{"start":{"line":36,"column":2},"end":{"line":36,"column":59}},"19":{"start":{"line":39,"column":0},"end":{"line":103,"column":2}},"20":{"start":{"line":40,"column":2},"end":{"line":40,"column":39}},"21":{"start":{"line":41,"column":2},"end":{"line":41,"column":42}},"22":{"start":{"line":43,"column":2},"end":{"line":58,"column":4}},"23":{"start":{"line":44,"column":4},"end":{"line":56,"column":5}},"24":{"start":{"line":45,"column":6},"end":{"line":45,"column":24}},"25":{"start":{"line":48,"column":6},"end":{"line":50,"column":7}},"26":{"start":{"line":49,"column":8},"end":{"line":49,"column":43}},"27":{"start":{"line":53,"column":6},"end":{"line":55,"column":7}},"28":{"start":{"line":54,"column":8},"end":{"line":54,"column":41}},"29":{"start":{"line":57,"column":4},"end":{"line":57,"column":18}},"30":{"start":{"line":60,"column":2},"end":{"line":60,"column":62}},"31":{"start":{"line":62,"column":2},"end":{"line":90,"column":4}},"32":{"start":{"line":63,"column":4},"end":{"line":63,"column":41}},"33":{"start":{"line":64,"column":4},"end":{"line":67,"column":5}},"34":{"start":{"line":65,"column":6},"end":{"line":65,"column":35}},"35":{"start":{"line":66,"column":6},"end":{"line":66,"column":13}},"36":{"start":{"line":69,"column":4},"end":{"line":69,"column":33}},"37":{"start":{"line":70,"column":4},"end":{"line":73,"column":5}},"38":{"start":{"line":71,"column":6},"end":{"line":71,"column":31}},"39":{"start":{"line":72,"column":6},"end":{"line":72,"column":13}},"40":{"start":{"line":75,"column":4},"end":{"line":75,"column":57}},"41":{"start":{"line":76,"column":4},"end":{"line":79,"column":5}},"42":{"start":{"line":77,"column":6},"end":{"line":77,"column":38}},"43":{"start":{"line":78,"column":6},"end":{"line":78,"column":13}},"44":{"start":{"line":81,"column":4},"end":{"line":81,"column":159}},"45":{"start":{"line":82,"column":4},"end":{"line":85,"column":5}},"46":{"start":{"line":83,"column":6},"end":{"line":83,"column":39}},"47":{"start":{"line":84,"column":6},"end":{"line":84,"column":13}},"48":{"start":{"line":87,"column":4},"end":{"line":89,"column":5}},"49":{"start":{"line":88,"column":6},"end":{"line":88,"column":57}},"50":{"start":{"line":92,"column":2},"end":{"line":102,"column":4}},"51":{"start":{"line":93,"column":4},"end":{"line":95,"column":5}},"52":{"start":{"line":94,"column":6},"end":{"line":94,"column":59}},"53":{"start":{"line":97,"column":4},"end":{"line":99,"column":5}},"54":{"start":{"line":98,"column":6},"end":{"line":98,"column":36}},"55":{"start":{"line":101,"column":4},"end":{"line":101,"column":32}}},"branchMap":{"1":{"line":27,"type":"cond-expr","locations":[{"start":{"line":27,"column":70},"end":{"line":27,"column":73}},{"start":{"line":27,"column":76},"end":{"line":27,"column":92}}]},"2":{"line":27,"type":"binary-expr","locations":[{"start":{"line":27,"column":46},"end":{"line":27,"column":49}},{"start":{"line":27,"column":53},"end":{"line":27,"column":67}}]},"3":{"line":32,"type":"cond-expr","locations":[{"start":{"line":32,"column":46},"end":{"line":32,"column":67}},{"start":{"line":32,"column":70},"end":{"line":32,"column":74}}]},"4":{"line":36,"type":"binary-expr","locations":[{"start":{"line":36,"column":9},"end":{"line":36,"column":33}},{"start":{"line":36,"column":37},"end":{"line":36,"column":58}}]},"5":{"line":48,"type":"if","locations":[{"start":{"line":48,"column":6},"end":{"line":48,"column":6}},{"start":{"line":48,"column":6},"end":{"line":48,"column":6}}]},"6":{"line":48,"type":"binary-expr","locations":[{"start":{"line":48,"column":10},"end":{"line":48,"column":21}},{"start":{"line":48,"column":25},"end":{"line":48,"column":72}}]},"7":{"line":53,"type":"if","locations":[{"start":{"line":53,"column":6},"end":{"line":53,"column":6}},{"start":{"line":53,"column":6},"end":{"line":53,"column":6}}]},"8":{"line":53,"type":"binary-expr","locations":[{"start":{"line":53,"column":10},"end":{"line":53,"column":34}},{"start":{"line":53,"column":38},"end":{"line":53,"column":57}}]},"9":{"line":64,"type":"if","locations":[{"start":{"line":64,"column":4},"end":{"line":64,"column":4}},{"start":{"line":64,"column":4},"end":{"line":64,"column":4}}]},"10":{"line":70,"type":"if","locations":[{"start":{"line":70,"column":4},"end":{"line":70,"column":4}},{"start":{"line":70,"column":4},"end":{"line":70,"column":4}}]},"11":{"line":76,"type":"if","locations":[{"start":{"line":76,"column":4},"end":{"line":76,"column":4}},{"start":{"line":76,"column":4},"end":{"line":76,"column":4}}]},"12":{"line":81,"type":"binary-expr","locations":[{"start":{"line":81,"column":20},"end":{"line":81,"column":56}},{"start":{"line":81,"column":61},"end":{"line":81,"column":88}},{"start":{"line":81,"column":92},"end":{"line":81,"column":119}},{"start":{"line":81,"column":123},"end":{"line":81,"column":157}}]},"13":{"line":82,"type":"if","locations":[{"start":{"line":82,"column":4},"end":{"line":82,"column":4}},{"start":{"line":82,"column":4},"end":{"line":82,"column":4}}]},"14":{"line":87,"type":"if","locations":[{"start":{"line":87,"column":4},"end":{"line":87,"column":4}},{"start":{"line":87,"column":4},"end":{"line":87,"column":4}}]},"15":{"line":93,"type":"if","locations":[{"start":{"line":93,"column":4},"end":{"line":93,"column":4}},{"start":{"line":93,"column":4},"end":{"line":93,"column":4}}]},"16":{"line":97,"type":"if","locations":[{"start":{"line":97,"column":4},"end":{"line":97,"column":4}},{"start":{"line":97,"column":4},"end":{"line":97,"column":4}}]}},"code":["'use strict';","","Object.defineProperty(exports, \"__esModule\", {","  value: true","});","","var _es6Set = require('es6-set');","","var _es6Set2 = _interopRequireDefault(_es6Set);","","var _embeds = require('./embeds');","","var _embeds2 = _interopRequireDefault(_embeds);","","var _text = require('./text');","","var _text2 = _interopRequireDefault(_text);","","var _blockElement = require('./block-element');","","var _blockElement2 = _interopRequireDefault(_blockElement);","","var _queryDom = require('query-dom');","","var _queryDom2 = _interopRequireDefault(_queryDom);","","function _interopRequireDefault(obj) { return obj && obj.__esModule ? obj : { default: obj }; }","","var HEAD_NODE_NAMES = new _es6Set2.default(['title', 'base', 'link', 'meta', 'script', 'noscript', 'style']);","","var linebreak = function linebreak(elm) {","  return elm.tagName.toLowerCase() === 'br' ? { type: 'linebreak' } : null;","};","","var isEmptyTextNode = function isEmptyTextNode(elm) {","  return elm.nodeName === '#text' && elm.data.length === 0;","};","","exports.default = function (opts) {","  var text = (0, _text2.default)(opts);","  var embed = (0, _embeds2.default)(opts);","","  var parse = function parse(elms, textOpts, result) {","    for (var i = 0; i < elms.length; i++) {","      var elm = elms[i];","","      // ELEMENT_NODE","      if (elm.tagName && !HEAD_NODE_NAMES.has(elm.tagName.toLowerCase())) {","        elementNode(elm, textOpts, result);","      }","","      // TEXT_NODE","      if (elm.nodeName === '#text' && elm.data.length > 0) {","        result.push(text(textOpts, elm));","      }","    }","    return result;","  };","","  var blockElement = (0, _blockElement2.default)(parse, text);","","  var elementNode = function elementNode(elm, textOpts, result) {","    var linebreakResult = linebreak(elm);","    if (linebreakResult) {","      result.push(linebreakResult);","      return;","    }","","    var embedResult = embed(elm);","    if (embedResult) {","      result.push(embedResult);","      return;","    }","","    var blockElementResult = blockElement(elm, textOpts);","    if (blockElementResult) {","      result.push(blockElementResult);","      return;","    }","","    var emptyMark = elm.tagName.toLowerCase() === 'mark' && (elm.childNodes.length === 0 || elm.childNodes.length === 1 && isEmptyTextNode(elm.childNodes[0]));","    if (emptyMark) {","      result.push(text(textOpts, elm));","      return;","    }","","    if (elm.childNodes.length) {","      parse(elm.childNodes, text(textOpts, elm), result);","    }","  };","","  return function (input) {","    if (typeof input === 'string') {","      return parse((0, _queryDom2.default)(input), {}, []);","    }","","    if (input.nodeName) {","      return parse([input], {}, []);","    }","","    return parse(input, {}, []);","  };","};"],"l":{"3":1,"7":1,"9":1,"11":1,"13":1,"15":1,"17":1,"19":1,"21":1,"23":1,"25":1,"27":5,"29":1,"31":1,"32":0,"35":1,"36":0,"39":1,"40":0,"41":0,"43":0,"44":0,"45":0,"48":0,"49":0,"53":0,"54":0,"57":0,"60":0,"62":0,"63":0,"64":0,"65":0,"66":0,"69":0,"70":0,"71":0,"72":0,"75":0,"76":0,"77":0,"78":0,"81":0,"82":0,"83":0,"84":0,"87":0,"88":0,"92":0,"93":0,"94":0,"97":0,"98":0,"101":0}},"/home/travis/build/npmtest/node-npmtest-html-to-article-json/node_modules/html-to-article-json/dist/parse/embeds.js":{"path":"/home/travis/build/npmtest/node-npmtest-html-to-article-json/node_modules/html-to-article-json/dist/parse/embeds.js","s":{"1":1,"2":1,"3":1,"4":1,"5":1,"6":1,"7":1,"8":0,"9":0,"10":0,"11":0,"12":0,"13":0,"14":0,"15":0,"16":0,"17":0,"18":0,"19":0,"20":0,"21":0,"22":0,"23":0,"24":0,"25":0,"26":0,"27":0,"28":0,"29":0,"30":1,"31":0,"32":0,"33":0,"34":0,"35":0,"36":0,"37":0,"38":0,"39":0,"40":0,"41":0,"42":0,"43":0,"44":0,"45":0,"46":0,"47":0,"48":0,"49":0,"50":0,"51":0,"52":0,"53":0,"54":0,"55":0,"56":0,"57":0,"58":0,"59":0,"60":0,"61":0,"62":0,"63":0,"64":0,"65":0,"66":0,"67":0,"68":0,"69":0,"70":0,"71":0,"72":0,"73":0,"74":0,"75":0,"76":0,"77":0,"78":0,"79":0,"80":0,"81":0,"82":0,"83":0,"84":0,"85":0,"86":0,"87":0,"88":0},"b":{"1":[1,0],"2":[1,1],"3":[0,0],"4":[0,0],"5":[0,0],"6":[0,0],"7":[0,0],"8":[0,0],"9":[0,0],"10":[0,0],"11":[0,0],"12":[0,0],"13":[0,0],"14":[0,0],"15":[0,0],"16":[0,0],"17":[0,0,0],"18":[0,0,0],"19":[0,0],"20":[0,0,0],"21":[0,0],"22":[0,0],"23":[0,0],"24":[0,0],"25":[0,0],"26":[0,0],"27":[0,0],"28":[0,0],"29":[0,0],"30":[0,0],"31":[0,0],"32":[0,0],"33":[0,0],"34":[0,0]},"f":{"1":1,"2":0,"3":0,"4":0,"5":0,"6":0,"7":0,"8":0,"9":0,"10":0,"11":0,"12":0,"13":0,"14":0,"15":0,"16":0,"17":0,"18":0,"19":0,"20":0,"21":0,"22":0},"fnMap":{"1":{"name":"_interopRequireDefault","line":13,"loc":{"start":{"line":13,"column":0},"end":{"line":13,"column":37}}},"2":{"name":"custom","line":16,"loc":{"start":{"line":16,"column":10},"end":{"line":16,"column":32}}},"3":{"name":"vine","line":32,"loc":{"start":{"line":32,"column":8},"end":{"line":32,"column":29}}},"4":{"name":"spotify","line":44,"loc":{"start":{"line":44,"column":11},"end":{"line":44,"column":35}}},"5":{"name":"facebook","line":60,"loc":{"start":{"line":60,"column":12},"end":{"line":60,"column":37}}},"6":{"name":"instagram","line":80,"loc":{"start":{"line":80,"column":13},"end":{"line":80,"column":39}}},"7":{"name":"twitter","line":98,"loc":{"start":{"line":98,"column":11},"end":{"line":98,"column":35}}},"8":{"name":"youtube","line":118,"loc":{"start":{"line":118,"column":11},"end":{"line":118,"column":35}}},"9":{"name":"tumblr","line":128,"loc":{"start":{"line":128,"column":10},"end":{"line":128,"column":33}}},"10":{"name":"tidal","line":141,"loc":{"start":{"line":141,"column":9},"end":{"line":141,"column":31}}},"11":{"name":"video","line":152,"loc":{"start":{"line":152,"column":9},"end":{"line":152,"column":32}}},"12":{"name":"image","line":166,"loc":{"start":{"line":166,"column":9},"end":{"line":166,"column":32}}},"13":{"name":"(anonymous_13)","line":183,"loc":{"start":{"line":183,"column":18},"end":{"line":183,"column":34}}},"14":{"name":"getEmbed","line":189,"loc":{"start":{"line":189,"column":17},"end":{"line":189,"column":41}}},"15":{"name":"parseCustomEmbed","line":202,"loc":{"start":{"line":202,"column":25},"end":{"line":202,"column":56}}},"16":{"name":"parseBuiltinEmbed","line":212,"loc":{"start":{"line":212,"column":26},"end":{"line":212,"column":58}}},"17":{"name":"toEmbedObj","line":217,"loc":{"start":{"line":217,"column":19},"end":{"line":217,"column":44}}},"18":{"name":"getCaption","line":221,"loc":{"start":{"line":221,"column":19},"end":{"line":221,"column":59}}},"19":{"name":"getAttribution","line":239,"loc":{"start":{"line":239,"column":23},"end":{"line":239,"column":67}}},"20":{"name":"getFigureProps","line":257,"loc":{"start":{"line":257,"column":23},"end":{"line":257,"column":55}}},"21":{"name":"(anonymous_21)","line":266,"loc":{"start":{"line":266,"column":23},"end":{"line":266,"column":39}}},"22":{"name":"(anonymous_22)","line":276,"loc":{"start":{"line":276,"column":9},"end":{"line":276,"column":24}}}},"statementMap":{"1":{"start":{"line":3,"column":0},"end":{"line":5,"column":3}},"2":{"start":{"line":7,"column":0},"end":{"line":7,"column":30}},"3":{"start":{"line":9,"column":0},"end":{"line":9,"column":43}},"4":{"start":{"line":11,"column":0},"end":{"line":11,"column":32}},"5":{"start":{"line":13,"column":0},"end":{"line":13,"column":95}},"6":{"start":{"line":13,"column":39},"end":{"line":13,"column":93}},"7":{"start":{"line":15,"column":0},"end":{"line":181,"column":2}},"8":{"start":{"line":17,"column":4},"end":{"line":20,"column":23}},"9":{"start":{"line":21,"column":4},"end":{"line":30,"column":6}},"10":{"start":{"line":33,"column":4},"end":{"line":34,"column":24}},"11":{"start":{"line":35,"column":4},"end":{"line":42,"column":6}},"12":{"start":{"line":45,"column":4},"end":{"line":48,"column":24}},"13":{"start":{"line":49,"column":4},"end":{"line":58,"column":6}},"14":{"start":{"line":61,"column":4},"end":{"line":66,"column":26}},"15":{"start":{"line":67,"column":4},"end":{"line":78,"column":6}},"16":{"start":{"line":81,"column":4},"end":{"line":85,"column":26}},"17":{"start":{"line":86,"column":4},"end":{"line":96,"column":6}},"18":{"start":{"line":99,"column":4},"end":{"line":104,"column":26}},"19":{"start":{"line":105,"column":4},"end":{"line":116,"column":6}},"20":{"start":{"line":119,"column":4},"end":{"line":119,"column":36}},"21":{"start":{"line":120,"column":4},"end":{"line":126,"column":6}},"22":{"start":{"line":129,"column":4},"end":{"line":131,"column":26}},"23":{"start":{"line":132,"column":4},"end":{"line":139,"column":6}},"24":{"start":{"line":142,"column":4},"end":{"line":143,"column":34}},"25":{"start":{"line":144,"column":4},"end":{"line":150,"column":6}},"26":{"start":{"line":153,"column":4},"end":{"line":155,"column":33}},"27":{"start":{"line":156,"column":4},"end":{"line":164,"column":6}},"28":{"start":{"line":167,"column":4},"end":{"line":170,"column":25}},"29":{"start":{"line":171,"column":4},"end":{"line":179,"column":6}},"30":{"start":{"line":183,"column":0},"end":{"line":296,"column":2}},"31":{"start":{"line":184,"column":2},"end":{"line":184,"column":39}},"32":{"start":{"line":185,"column":2},"end":{"line":186,"column":90}},"33":{"start":{"line":189,"column":2},"end":{"line":200,"column":4}},"34":{"start":{"line":190,"column":4},"end":{"line":199,"column":5}},"35":{"start":{"line":191,"column":6},"end":{"line":191,"column":24}},"36":{"start":{"line":193,"column":6},"end":{"line":198,"column":7}},"37":{"start":{"line":194,"column":8},"end":{"line":194,"column":62}},"38":{"start":{"line":195,"column":8},"end":{"line":197,"column":9}},"39":{"start":{"line":196,"column":10},"end":{"line":196,"column":21}},"40":{"start":{"line":202,"column":2},"end":{"line":210,"column":4}},"41":{"start":{"line":203,"column":4},"end":{"line":209,"column":5}},"42":{"start":{"line":204,"column":6},"end":{"line":204,"column":44}},"43":{"start":{"line":205,"column":6},"end":{"line":205,"column":39}},"44":{"start":{"line":206,"column":6},"end":{"line":208,"column":7}},"45":{"start":{"line":207,"column":8},"end":{"line":207,"column":19}},"46":{"start":{"line":212,"column":2},"end":{"line":215,"column":4}},"47":{"start":{"line":213,"column":4},"end":{"line":213,"column":38}},"48":{"start":{"line":214,"column":4},"end":{"line":214,"column":72}},"49":{"start":{"line":217,"column":2},"end":{"line":219,"column":4}},"50":{"start":{"line":218,"column":4},"end":{"line":218,"column":67}},"51":{"start":{"line":221,"column":2},"end":{"line":237,"column":4}},"52":{"start":{"line":222,"column":4},"end":{"line":234,"column":5}},"53":{"start":{"line":223,"column":6},"end":{"line":223,"column":24}},"54":{"start":{"line":226,"column":6},"end":{"line":228,"column":7}},"55":{"start":{"line":227,"column":8},"end":{"line":227,"column":60}},"56":{"start":{"line":231,"column":6},"end":{"line":233,"column":7}},"57":{"start":{"line":232,"column":8},"end":{"line":232,"column":37}},"58":{"start":{"line":236,"column":4},"end":{"line":236,"column":18}},"59":{"start":{"line":239,"column":2},"end":{"line":255,"column":4}},"60":{"start":{"line":240,"column":4},"end":{"line":252,"column":5}},"61":{"start":{"line":241,"column":6},"end":{"line":241,"column":24}},"62":{"start":{"line":244,"column":6},"end":{"line":246,"column":7}},"63":{"start":{"line":245,"column":8},"end":{"line":245,"column":64}},"64":{"start":{"line":249,"column":6},"end":{"line":251,"column":7}},"65":{"start":{"line":250,"column":8},"end":{"line":250,"column":37}},"66":{"start":{"line":254,"column":4},"end":{"line":254,"column":18}},"67":{"start":{"line":257,"column":2},"end":{"line":274,"column":4}},"68":{"start":{"line":258,"column":4},"end":{"line":259,"column":25}},"69":{"start":{"line":261,"column":4},"end":{"line":261,"column":25}},"70":{"start":{"line":262,"column":4},"end":{"line":264,"column":5}},"71":{"start":{"line":263,"column":6},"end":{"line":263,"column":25}},"72":{"start":{"line":266,"column":4},"end":{"line":271,"column":7}},"73":{"start":{"line":267,"column":6},"end":{"line":267,"column":41}},"74":{"start":{"line":268,"column":6},"end":{"line":270,"column":7}},"75":{"start":{"line":269,"column":8},"end":{"line":269,"column":34}},"76":{"start":{"line":273,"column":4},"end":{"line":273,"column":23}},"77":{"start":{"line":276,"column":2},"end":{"line":295,"column":4}},"78":{"start":{"line":277,"column":4},"end":{"line":292,"column":5}},"79":{"start":{"line":278,"column":6},"end":{"line":278,"column":41}},"80":{"start":{"line":279,"column":6},"end":{"line":284,"column":7}},"81":{"start":{"line":280,"column":8},"end":{"line":283,"column":11}},"82":{"start":{"line":285,"column":6},"end":{"line":290,"column":7}},"83":{"start":{"line":286,"column":8},"end":{"line":286,"column":65}},"84":{"start":{"line":287,"column":8},"end":{"line":287,"column":54}},"85":{"start":{"line":288,"column":8},"end":{"line":288,"column":53}},"86":{"start":{"line":289,"column":8},"end":{"line":289,"column":56}},"87":{"start":{"line":291,"column":6},"end":{"line":291,"column":17}},"88":{"start":{"line":294,"column":4},"end":{"line":294,"column":27}}},"branchMap":{"1":{"line":13,"type":"cond-expr","locations":[{"start":{"line":13,"column":70},"end":{"line":13,"column":73}},{"start":{"line":13,"column":76},"end":{"line":13,"column":92}}]},"2":{"line":13,"type":"binary-expr","locations":[{"start":{"line":13,"column":46},"end":{"line":13,"column":49}},{"start":{"line":13,"column":53},"end":{"line":13,"column":67}}]},"3":{"line":72,"type":"binary-expr","locations":[{"start":{"line":72,"column":16},"end":{"line":72,"column":24}},{"start":{"line":72,"column":28},"end":{"line":72,"column":30}}]},"4":{"line":91,"type":"binary-expr","locations":[{"start":{"line":91,"column":12},"end":{"line":91,"column":16}},{"start":{"line":91,"column":20},"end":{"line":91,"column":22}}]},"5":{"line":92,"type":"binary-expr","locations":[{"start":{"line":92,"column":12},"end":{"line":92,"column":16}},{"start":{"line":92,"column":20},"end":{"line":92,"column":22}}]},"6":{"line":161,"type":"binary-expr","locations":[{"start":{"line":161,"column":13},"end":{"line":161,"column":18}},{"start":{"line":161,"column":22},"end":{"line":161,"column":24}}]},"7":{"line":162,"type":"binary-expr","locations":[{"start":{"line":162,"column":14},"end":{"line":162,"column":20}},{"start":{"line":162,"column":24},"end":{"line":162,"column":26}}]},"8":{"line":174,"type":"cond-expr","locations":[{"start":{"line":174,"column":21},"end":{"line":174,"column":53}},{"start":{"line":174,"column":56},"end":{"line":174,"column":58}}]},"9":{"line":176,"type":"binary-expr","locations":[{"start":{"line":176,"column":13},"end":{"line":176,"column":18}},{"start":{"line":176,"column":22},"end":{"line":176,"column":24}}]},"10":{"line":177,"type":"binary-expr","locations":[{"start":{"line":177,"column":14},"end":{"line":177,"column":20}},{"start":{"line":177,"column":24},"end":{"line":177,"column":26}}]},"11":{"line":186,"type":"cond-expr","locations":[{"start":{"line":186,"column":63},"end":{"line":186,"column":65}},{"start":{"line":186,"column":68},"end":{"line":186,"column":89}}]},"12":{"line":193,"type":"if","locations":[{"start":{"line":193,"column":6},"end":{"line":193,"column":6}},{"start":{"line":193,"column":6},"end":{"line":193,"column":6}}]},"13":{"line":193,"type":"binary-expr","locations":[{"start":{"line":193,"column":10},"end":{"line":193,"column":13}},{"start":{"line":193,"column":17},"end":{"line":193,"column":28}}]},"14":{"line":194,"type":"binary-expr","locations":[{"start":{"line":194,"column":18},"end":{"line":194,"column":33}},{"start":{"line":194,"column":37},"end":{"line":194,"column":61}}]},"15":{"line":195,"type":"if","locations":[{"start":{"line":195,"column":8},"end":{"line":195,"column":8}},{"start":{"line":195,"column":8},"end":{"line":195,"column":8}}]},"16":{"line":206,"type":"if","locations":[{"start":{"line":206,"column":6},"end":{"line":206,"column":6}},{"start":{"line":206,"column":6},"end":{"line":206,"column":6}}]},"17":{"line":214,"type":"binary-expr","locations":[{"start":{"line":214,"column":11},"end":{"line":214,"column":14}},{"start":{"line":214,"column":18},"end":{"line":214,"column":40}},{"start":{"line":214,"column":44},"end":{"line":214,"column":71}}]},"18":{"line":218,"type":"binary-expr","locations":[{"start":{"line":218,"column":11},"end":{"line":218,"column":32}},{"start":{"line":218,"column":36},"end":{"line":218,"column":58}},{"start":{"line":218,"column":62},"end":{"line":218,"column":66}}]},"19":{"line":226,"type":"if","locations":[{"start":{"line":226,"column":6},"end":{"line":226,"column":6}},{"start":{"line":226,"column":6},"end":{"line":226,"column":6}}]},"20":{"line":226,"type":"binary-expr","locations":[{"start":{"line":226,"column":10},"end":{"line":226,"column":21}},{"start":{"line":226,"column":25},"end":{"line":226,"column":61}},{"start":{"line":226,"column":65},"end":{"line":226,"column":86}}]},"21":{"line":231,"type":"if","locations":[{"start":{"line":231,"column":6},"end":{"line":231,"column":6}},{"start":{"line":231,"column":6},"end":{"line":231,"column":6}}]},"22":{"line":231,"type":"binary-expr","locations":[{"start":{"line":231,"column":10},"end":{"line":231,"column":34}},{"start":{"line":231,"column":38},"end":{"line":231,"column":57}}]},"23":{"line":244,"type":"if","locations":[{"start":{"line":244,"column":6},"end":{"line":244,"column":6}},{"start":{"line":244,"column":6},"end":{"line":244,"column":6}}]},"24":{"line":244,"type":"binary-expr","locations":[{"start":{"line":244,"column":10},"end":{"line":244,"column":21}},{"start":{"line":244,"column":25},"end":{"line":244,"column":46}}]},"25":{"line":249,"type":"if","locations":[{"start":{"line":249,"column":6},"end":{"line":249,"column":6}},{"start":{"line":249,"column":6},"end":{"line":249,"column":6}}]},"26":{"line":249,"type":"binary-expr","locations":[{"start":{"line":249,"column":10},"end":{"line":249,"column":34}},{"start":{"line":249,"column":38},"end":{"line":249,"column":57}}]},"27":{"line":262,"type":"if","locations":[{"start":{"line":262,"column":4},"end":{"line":262,"column":4}},{"start":{"line":262,"column":4},"end":{"line":262,"column":4}}]},"28":{"line":262,"type":"binary-expr","locations":[{"start":{"line":262,"column":8},"end":{"line":262,"column":23}},{"start":{"line":262,"column":27},"end":{"line":262,"column":49}}]},"29":{"line":268,"type":"if","locations":[{"start":{"line":268,"column":6},"end":{"line":268,"column":6}},{"start":{"line":268,"column":6},"end":{"line":268,"column":6
[...]
ject.defineProperty(exports, \"__esModule\", {","  value: true","});","","var _textFormattings = require('../text-formattings');","","var _textFormattings2 = _interopRequireDefault(_textFormattings);","","var _generateFunction = require('generate-function');","","var _generateFunction2 = _interopRequireDefault(_generateFunction);","","function _interopRequireDefault(obj) { return obj && obj.__esModule ? obj : { default: obj }; }","","var mergeTextNodes = function mergeTextNodes(sameTypeTextNodes, tree) {","  var textNode = void 0;","  var merged = [];","","  tree.forEach(function (node) {","    if (node.type === 'text') {","      if (textNode) {","        if (sameTypeTextNodes(textNode, node) && !textNode.mark && !node.mark) {","          textNode.content = textNode.content + node.content;","        } else {","          merged.push(textNode);","          textNode = node;","        }","      } else {","        textNode = node;","      }","    } else {","      if (textNode) {","        merged.push(textNode);","        textNode = null;","      }","","      merged.push(node);","    }","  });","","  if (textNode) {","    merged.push(textNode);","  }","  return merged;","};","","var createSameTypeTextNodes = function createSameTypeTextNodes(textFormattings) {","  var fn = (0, _generateFunction2.default)();","  fn = fn('function (nodeA, nodeB) {');","","  fn = fn('return ' + textFormattings.map(function (row) {","    return row.property;","  }).filter(function (property) {","    return property !== 'content';","  }).map(function (property) {","    return 'nodeA[\\'' + property + '\\'] === nodeB[\\'' + property + '\\']';","  }).join('&&'));","","  fn = fn('}');","  return fn.toFunction();","};","","exports.default = function (opts) {","  var textFormattings = (0, _textFormattings2.default)(opts);","  var sameTypeTextNodes = createSameTypeTextNodes(textFormattings);","","  return function (tree) {","    tree.forEach(function (node) {","      if (node.children) {","        node.children = mergeTextNodes(sameTypeTextNodes, node.children);","      }","    });","  };","};"],"l":{"3":1,"7":1,"9":1,"11":1,"13":1,"15":2,"17":1,"18":0,"19":0,"21":0,"22":0,"23":0,"24":0,"25":0,"27":0,"28":0,"31":0,"34":0,"35":0,"36":0,"39":0,"43":0,"44":0,"46":0,"49":1,"50":0,"51":0,"53":0,"54":0,"56":0,"58":0,"61":0,"62":0,"65":1,"66":0,"67":0,"69":0,"70":0,"71":0,"72":0}},"/home/travis/build/npmtest/node-npmtest-html-to-article-json/node_modules/html-to-article-json/dist/normalize/flatten-tree.js":{"path":"/home/travis/build/npmtest/node-npmtest-html-to-article-json/node_modules/html-to-article-json/dist/normalize/flatten-tree.js","s":{"1":1,"2":1,"3":0,"4":1,"5":0,"6":1,"7":0,"8":1,"9":0,"10":0,"11":0,"12":0,"13":0,"14":0,"15":0,"16":0,"17":0,"18":0,"19":0,"20":0,"21":0,"22":0,"23":0,"24":0,"25":0,"26":0,"27":1},"b":{"1":[0,0],"2":[0,0],"3":[0,0],"4":[0,0],"5":[0,0],"6":[0,0],"7":[0,0],"8":[0,0],"9":[0,0],"10":[0,0],"11":[0,0],"12":[0,0],"13":[0,0]},"f":{"1":0,"2":0,"3":0,"4":0,"5":0},"fnMap":{"1":{"name":"rowHasContent","line":6,"loc":{"start":{"line":6,"column":20},"end":{"line":6,"column":48}}},"2":{"name":"rowHasSize","line":9,"loc":{"start":{"line":9,"column":17},"end":{"line":9,"column":42}}},"3":{"name":"hasSize","line":12,"loc":{"start":{"line":12,"column":14},"end":{"line":12,"column":47}}},"4":{"name":"flattenTree","line":16,"loc":{"start":{"line":16,"column":18},"end":{"line":16,"column":45}}},"5":{"name":"(anonymous_5)","line":21,"loc":{"start":{"line":21,"column":15},"end":{"line":21,"column":32}}}},"statementMap":{"1":{"start":{"line":3,"column":0},"end":{"line":5,"column":3}},"2":{"start":{"line":6,"column":0},"end":{"line":8,"column":2}},"3":{"start":{"line":7,"column":2},"end":{"line":7,"column":54}},"4":{"start":{"line":9,"column":0},"end":{"line":11,"column":2}},"5":{"start":{"line":10,"column":2},"end":{"line":10,"column":56}},"6":{"start":{"line":12,"column":0},"end":{"line":14,"column":2}},"7":{"start":{"line":13,"column":2},"end":{"line":13,"column":41}},"8":{"start":{"line":16,"column":0},"end":{"line":58,"column":2}},"9":{"start":{"line":17,"column":2},"end":{"line":17,"column":86}},"10":{"start":{"line":19,"column":2},"end":{"line":19,"column":30}},"11":{"start":{"line":21,"column":2},"end":{"line":49,"column":5}},"12":{"start":{"line":22,"column":4},"end":{"line":48,"column":5}},"13":{"start":{"line":23,"column":6},"end":{"line":27,"column":7}},"14":{"start":{"line":24,"column":8},"end":{"line":24,"column":35}},"15":{"start":{"line":26,"column":8},"end":{"line":26,"column":33}},"16":{"start":{"line":29,"column":6},"end":{"line":35,"column":7}},"17":{"start":{"line":30,"column":8},"end":{"line":33,"column":11}},"18":{"start":{"line":34,"column":8},"end":{"line":34,"column":30}},"19":{"start":{"line":37,"column":6},"end":{"line":47,"column":7}},"20":{"start":{"line":38,"column":8},"end":{"line":42,"column":11}},"21":{"start":{"line":43,"column":13},"end":{"line":47,"column":7}},"22":{"start":{"line":44,"column":8},"end":{"line":44,"column":44}},"23":{"start":{"line":46,"column":8},"end":{"line":46,"column":27}},"24":{"start":{"line":51,"column":2},"end":{"line":56,"column":3}},"25":{"start":{"line":52,"column":4},"end":{"line":55,"column":7}},"26":{"start":{"line":57,"column":2},"end":{"line":57,"column":16}},"27":{"start":{"line":60,"column":0},"end":{"line":60,"column":30}}},"branchMap":{"1":{"line":7,"type":"binary-expr","locations":[{"start":{"line":7,"column":9},"end":{"line":7,"column":20}},{"start":{"line":7,"column":24},"end":{"line":7,"column":53}}]},"2":{"line":10,"type":"binary-expr","locations":[{"start":{"line":10,"column":9},"end":{"line":10,"column":33}},{"start":{"line":10,"column":37},"end":{"line":10,"column":55}}]},"3":{"line":17,"type":"cond-expr","locations":[{"start":{"line":17,"column":68},"end":{"line":17,"column":80}},{"start":{"line":17,"column":83},"end":{"line":17,"column":85}}]},"4":{"line":17,"type":"binary-expr","locations":[{"start":{"line":17,"column":15},"end":{"line":17,"column":35}},{"start":{"line":17,"column":39},"end":{"line":17,"column":65}}]},"5":{"line":22,"type":"if","locations":[{"start":{"line":22,"column":4},"end":{"line":22,"column":4}},{"start":{"line":22,"column":4},"end":{"line":22,"column":4}}]},"6":{"line":22,"type":"binary-expr","locations":[{"start":{"line":22,"column":8},"end":{"line":22,"column":29}},{"start":{"line":22,"column":33},"end":{"line":22,"column":59}}]},"7":{"line":23,"type":"if","locations":[{"start":{"line":23,"column":6},"end":{"line":23,"column":6}},{"start":{"line":23,"column":6},"end":{"line":23,"column":6}}]},"8":{"line":29,"type":"if","locations":[{"start":{"line":29,"column":6},"end":{"line":29,"column":6}},{"start":{"line":29,"column":6},"end":{"line":29,"column":6}}]},"9":{"line":29,"type":"binary-expr","locations":[{"start":{"line":29,"column":10},"end":{"line":29,"column":24}},{"start":{"line":29,"column":28},"end":{"line":29,"column":51}}]},"10":{"line":37,"type":"if","locations":[{"start":{"line":37,"column":6},"end":{"line":37,"column":6}},{"start":{"line":37,"column":6},"end":{"line":37,"column":6}}]},"11":{"line":43,"type":"if","locations":[{"start":{"line":43,"column":13},"end":{"line":43,"column":13}},{"start":{"line":43,"column":13},"end":{"line":43,"column":13}}]},"12":{"line":51,"type":"if","locations":[{"start":{"line":51,"column":2},"end":{"line":51,"column":2}},{"start":{"line":51,"column":2},"end":{"line":51,"column":2}}]},"13":{"line":51,"type":"binary-expr","locations":[{"start":{"line":51,"column":6},"end":{"line":51,"column":20}},{"start":{"line":51,"column":24},"end":{"line":51,"column":47}}]}},"code":["'use strict';","","Object.defineProperty(exports, \"__esModule\", {","  value: true","});","var rowHasContent = function rowHasContent(row) {","  return row.content && row.content.trim().length > 0;","};","var rowHasSize = function rowHasSize(row) {","  return row.type === 'linebreak' || rowHasContent(row);","};","var hasSize = function hasSize(inlineElements) {","  return inlineElements.some(rowHasSize);","};","","var flattenTree = function flattenTree(tree) {","  var result = arguments.length > 1 && arguments[1] !== undefined ? arguments[1] : [];","","  var inlineElements = void 0;","","  tree.forEach(function (child) {","    if (child.type === 'text' || child.type === 'linebreak') {","      if (inlineElements) {","        inlineElements.push(child);","      } else {","        inlineElements = [child];","      }","    } else {","      if (inlineElements && hasSize(inlineElements)) {","        result.push({","          type: 'paragraph',","          children: inlineElements","        });","        inlineElements = null;","      }","","      if (child.type === 'blockquote') {","        result.push({","          type: 'blockquote',","          pullQuote: !!child.pullQuote,","          children: flattenTree(child.children)","        });","      } else if (child.type === 'block') {","        flattenTree(child.children, result);","      } else {","        result.push(child);","      }","    }","  });","","  if (inlineElements && hasSize(inlineElements)) {","    result.push({","      type: 'paragraph',","      children: inlineElements","    });","  }","  return result;","};","","exports.default = flattenTree;"],"l":{"3":1,"6":1,"7":0,"9":1,"10":0,"12":1,"13":0,"16":1,"17":0,"19":0,"21":0,"22":0,"23":0,"24":0,"26":0,"29":0,"30":0,"34":0,"37":0,"38":0,"43":0,"44":0,"46":0,"51":0,"52":0,"57":0,"60":1}},"/home/travis/build/npmtest/node-npmtest-html-to-article-json/node_modules/html-to-article-json/dist/normalize/handle-whitespace.js":{"path":"/home/travis/build/npmtest/node-npmtest-html-to-article-json/node_modules/html-to-article-json/dist/normalize/handle-whitespace.js","s":{"1":1,"2":1,"3":0,"4":0,"5":0,"6":0,"7":1,"8":0,"9":0,"10":0,"11":0,"12":0,"13":1},"b":{"1":[0,0],"2":[0,0],"3":[0,0]},"f":{"1":0,"2":0,"3":0},"fnMap":{"1":{"name":"normalizeWhitespace","line":6,"loc":{"start":{"line":6,"column":26},"end":{"line":6,"column":64}}},"2":{"name":"handleWhitespace","line":13,"loc":{"start":{"line":13,"column":23},"end":{"line":13,"column":55}}},"3":{"name":"(anonymous_3)","line":14,"loc":{"start":{"line":14,"column":15},"end":{"line":14,"column":30}}}},"statementMap":{"1":{"start":{"line":3,"column":0},"end":{"line":5,"column":3}},"2":{"start":{"line":6,"column":0},"end":{"line":11,"column":2}},"3":{"start":{"line":7,"column":2},"end":{"line":7,"column":79}},"4":{"start":{"line":8,"column":2},"end":{"line":8,"column":79}},"5":{"start":{"line":9,"column":2},"end":{"line":9,"column":79}},"6":{"start":{"line":10,"column":2},"end":{"line":10,"column":17}},"7":{"start":{"line":13,"column":0},"end":{"line":21,"column":2}},"8":{"start":{"line":14,"column":2},"end":{"line":20,"column":5}},"9":{"start":{"line":15,"column":4},"end":{"line":19,"column":5}},"10":{"start":{"line":16,"column":6},"end":{"line":16,"column":53}},"11":{"start":{"line":17,"column":11},"end":{"line":19,"column":5}},"12":{"start":{"line":18,"column":6},"end":{"line":18,"column":37}},"13":{"start":{"line":23,"column":0},"end":{"line":23,"column":35}}},"branchMap":{"1":{"line":15,"type":"if","locations":[{"start":{"line":15,"column":4},"end":{"line":15,"column":4}},{"start":{"line":15,"column":4},"end":{"line":15,"column":4}}]},"2":{"line":15,"type":"binary-expr","locations":[{"start":{"line":15,"column":8},"end":{"line":15,"column":27}},{"start":{"line":15,"column":31},"end":{"line":15,"column":42}}]},"3":{"line":17,"type":"if","locations":[{"start":{"line":17,"column":11},"end":{"line":17,"column":11}},{"start":{"line":17,"column":11},"end":{"line":17,"column":11}}]}},"code":["'use strict';","","Object.defineProperty(exports, \"__esModule\", {","  value: true","});","var normalizeWhitespace = function normalizeWhitespace(content) {","  for (; content.indexOf('\\t') !== -1; content = content.replace('\\t', ' ')) {}","  for (; content.indexOf('\\n') !== -1; content = content.replace('\\n', ' ')) {}","  for (; content.indexOf('  ') !== -1; content = content.replace('  ', ' ')) {}","  return content;","};","","var handleWhitespace = function handleWhitespace(tree) {","  tree.forEach(function (obj) {","    if (obj.type === 'text' && obj.content) {","      obj.content = normalizeWhitespace(obj.content);","    } else if (obj.children) {","      handleWhitespace(obj.children);","    }","  });","};","","exports.default = handleWhitespace;"],"l":{"3":1,"6":1,"7":0,"8":0,"9":0,"10":0,"13":1,"14":0,"15":0,"16":0,"17":0,"18":0,"23":1}},"/home/travis/build/npmtest/node-npmtest-html-to-article-json/node_modules/html-to-article-json/dist/normalize/minimum-content.js":{"path":"/home/travis/build/npmtest/node-npmtest-html-to-article-json/node_modules/html-to-article-json/dist/normalize/minimum-content.js","s":{"1":1,"2":1,"3":0,"4":0,"5":1,"6":0,"7":0,"8":1,"9":0,"10":0,"11":1,"12":0,"13":0,"14":0,"15":0,"16":0,"17":0},"b":{"1":[0,0,0,0],"2":[0,0],"3":[0,0],"4":[0,0],"5":[0,0]},"f":{"1":0,"2":0,"3":0,"4":0,"5":0,"6":0},"fnMap":{"1":{"name":"hasNoContentNodes","line":6,"loc":{"start":{"line":6,"column":24},"end":{"line":6,"column":61}}},"2":{"name":"(anonymous_2)","line":7,"loc":{"start":{"line":7,"column":24},"end":{"line":7,"column":41}}},"3":{"name":"assureMinimumContent","line":12,"loc":{"start":{"line":12,"column":27},"end":{"line":12,"column":63}}},"4":{"name":"assureOneChild","line":20,"loc":{"start":{"line":20,"column":21},"end":{"line":20,"column":51}}},"5":{"name":"(anonymous_5)","line":29,"loc":{"start":{"line":29,"column":18},"end":{"line":29,"column":34}}},"6":{"name":"(anonymous_6)","line":32,"loc":{"start":{"line":32,"column":15},"end":{"line":32,"column":31}}}},"statementMap":{"1":{"start":{"line":3,"column":0},"end":{"line":5,"column":3}},"2":{"start":{"line":6,"column":0},"end":{"line":10,"column":2}},"3":{"start":{"line":7,"column":2},"end":{"line":9,"column":5}},"4":{"start":{"line":8,"column":4},"end":{"line":8,"column":95}},"5":{"start":{"line":12,"column":0},"end":{"line":18,"column":2}},"6":{"start":{"line":13,"column":2},"end":{"line":17,"column":3}},"7":{"start":{"line":14,"column":4},"end":{"line":16,"column":7}},"8":{"start":{"line":20,"column":0},"end":{"line":27,"column":2}},"9":{"start":{"line":21,"column":2},"end":{"line":26,"column":3}},"10":{"start":{"line":22,"column":4},"end":{"line":25,"column":7}},"11":{"start":{"line":29,"column":0},"end":{"line":41,"column":2}},"12":{"start":{"line":30,"column":2},"end":{"line":30,"column":23}},"13":{"start":{"line":32,"column":2},"end":{"line":40,"column":5}},"14":{"start":{"line":33,"column":4},"end":{"line":39,"column":5}},"15":{"start":{"line":34,"column":6},"end":{"line":34,"column":36}},"16":{"start":{"line":36,"column":6},"end":{"line":36,"column":50}},"17":{"start":{"line":38,"column":6},"end":{"line":38,"column":33}}},"branchMap":{"1":{"line":8,"type":"binary-expr","locations":[{"start":{"line":8,"column":11},"end":{"line":8,"column":21}},{"start":{"line":8,"column":25},"end":{"line":8,"column":39}},{"start":{"line":8,"column":43},"end":{"line":8,"column":64}},{"start":{"line":8,"column":68},"end":{"line":8,"column":94}}]},"2":{"line":13,"type":"if","locations":[{"start":{"line":13,"column":2},"end":{"line":13,"column":2}},{"start":{"line":13,"column":2},"end":{"line":13,"column":2}}]},"3":{"line":13,"type":"binary-expr","locations":[{"start":{"line":13,"column":6},"end":{"line":13,"column":19}},{"start":{"line":13,"column":23},"end":{"line":13,"column":55}}]},"4":{"line":21,"type":"if","locations":[{"start":{"line":21,"column":2},"end":{"line":21,"column":2}},{"start":{"line":21,"column":2},"end":{"line":21,"column":2}}]},"5":{"line":33,"type":"if","locations":[{"start":{"line":33,"column":4},"end":{"line":33,"column":4}},{"start":{"line":33,"column":4},"end":{"line":33,"column":4}}]}},"code":["'use strict';","","Object.defineProperty(exports, \"__esModule\", {","  value: true","});","var hasNoContentNodes = function hasNoContentNodes(children) {","  return children.every(function (child) {","    return child.mark && !child.content || child.type !== 'text' && child.type !== 'linebreak';","  });","};","","var assureMinimumContent = function assureMinimumContent(node) {","  if (node.children && hasNoContentNodes(node.children)) {","    node.children.unshift({","      type: 'linebreak'","    });","  }","};","","var assureOneChild = function assureOneChild(tree) {","  if (tree.length === 0) {","    tree.push({","      type: 'paragraph',","      children: []","    });","  }","};","","exports.default = function (tree) {","  assureOneChild(tree);","","  tree.forEach(function (node) {","    if (node.type === 'blockquote') {","      assureOneChild(node.children);","","      node.children.forEach(assureMinimumContent);","    } else {","      assureMinimumContent(node);","    }","  });","};"],"l":{"3":1,"6":1,"7":0,"8":0,"12":1,"13":0,"14":0,"20":1,"21":0,"22":0,"29":1,"30":0,"32":0,"33":0,"34":0,"36":0,"38":0}},"/home/travis/build/npmtest/node-npmtest-html-to-article-json/node_modules/html-to-article-json/dist/normalize/remove-extra-linebreaks.js":{"path":"/home/travis/build/npmtest/node-npmtest-html-to-article-json/node_modules/html-to-article-json/dist/normalize/remove-extra-linebreaks.js","s":{"1":1,"2":1,"3":0,"4":1,"5":0,"6":0,"7":0,"8":1,"9":0},"b":{"1":[0,0,0,0],"2":[0,0],"3":[0,0],"4":[0,0]},"f":{"1":0,"2":0,"3":0,"4":0},"fnMap":{"1":{"name":"shouldRemoveLinebreak","line":6,"loc":{"start":{"line":6,"column":28},"end":{"line":6,"column":69}}},"2":{"name":"(anonymous_2)","line":10,"loc":{"start":{"line":10,"column":18},"end":{"line":10,"column":34}}},"3":{"name":"(anonymous_3)","line":11,"loc":{"start":{"line":11,"column":15},"end":{"line":11,"column":30}}},"4":{"name":"isEmptyMarkNode","line":18,"loc":{"start":{"line":18,"column":0},"end":{"line":18,"column":31}}}},"statementMap":{"1":{"start":{"line":3,"column":0},"end":{"line":5,"column":3}},"2":{"start":{"line":6,"column":0},"end":{"line":8,"column":2}},"3":{"start":{"line":7,"column":2},"end":{"line":7,"column":198}},"4":{"start":{"line":10,"column":0},"end":{"line":16,"column":2}},"5":{"start":{"line":11,"column":2},"end":{"line":15,"column":5}},"6":{"start":{"line":12,"column":4},"end":{"line":14,"column":5}},"7":{"start":{"line":13,"column":6},"end":{"line":13,"column":47}},"8":{"start":{"line":18,"column":0},"end":{"line":20,"column":1}},"9":{"start":{"line":19,"column":2},"end":{"line":19,"column":36}}},"branchMap":{"1":{"line":7,"type":"binary-expr","locations":[{"start":{"line":7,"column":9},"end":{"line":7,"column":59}},{"start":{"line":7,"column":63},"end":{"line":7,"column":92}},{"start":{"line":7,"column":96},"end":{"line":7,"column":146}},{"start":{"line":7,"column":150},"end":{"line":7,"column":197}}]},"2":{"line":12,"type":"if","locations":[{"start":{"line":12,"column":4},"end":{"line":12,"column":4}},{"start":{"line":12,"column":4},"end":{"line":12,"column":4}}]},"3":{"line":12,"type":"binary-expr","locations":[{"start":{"line":12,"column":8},"end":{"line":12,"column":20}},{"start":{"line":12,"column":24},"end":{"line":12,"column":59}}]},"4":{"line":19,"type":"binary-expr","locations":[{"start":{"line":19,"column":9},"end":{"line":19,"column":18}},{"start":{"line":19,"column":22},"end":{"line":19,"column":35}}]}},"code":["'use strict';","","Object.defineProperty(exports, \"__esModule\", {","  value: true","});","var shouldRemoveLinebreak = function shouldRemoveLinebreak(children) {","  return children[children.length - 1].type === 'linebreak' && children[children.length - 2] && children[children.length - 2].type !== 'linebreak' && !isEmptyMarkNode(children[children.length - 2]);","};","","exports.default = function (tree) {","  tree.forEach(function (row) {","    if (row.children && shouldRemoveLinebreak(row.children)) {","      row.children = row.children.slice(0, -1);","    }","  });","};","","function isEmptyMarkNode(node) {","  return node.mark && !node.content;","}"],"l":{"3":1,"6":1,"7":0,"10":1,"11":0,"12":0,"13":0,"18":1,"19":0}}}